#WORD: السؤال
stem:سُؤال
stem:سُؤال
stem:سُؤال
stem:سُؤال

#WORD: ١:


#WORD: ما
stem:ما
stem:ما
stem:ما
stem:ما
stem:ما
stem:ما
stem:ما
stem:ما

#WORD: اسمك؟
stem:اسمك؟

#WORD: اسمي
stem:أَسْمَى
stem:أَسْمَى
stem:ٱِسْمِيّ
stem:ٱِسْمِيّ
stem:ٱِسْمِيّ
stem:ٱِسْمِيّ
stem:ٱِسْمِيّ
stem:ٱِسْمِيّ
stem:أَسْمَى
stem:ٱِسْم
stem:ٱِسْم
stem:ٱِسْم
stem:ٱِسْم
stem:ٱِسْم
stem:سَمِّي
stem:سَمِّي
stem:سَمَّى
stem:سَمَّى
stem:سْمِي
stem:سْمِي
stem:سْمِي
stem:سْمِي
stem:سْمَى
stem:سْمَى

#WORD: باولا
stem:باوْلا
stem:أُولا
stem:أُولا
stem:أَوْلا
stem:أَوْلا

#WORD: دوسا
stem:دَوْس

#WORD: السؤال
stem:سُؤال
stem:سُؤال
stem:سُؤال
stem:سُؤال

#WORD: ٢:


#WORD: من
stem:مِن
stem:مِن
stem:مَنْ
stem:مَنْ
stem:مَنّ
stem:مَنّ
stem:مَنّ
stem:مَنّ
stem:مَنّ
stem:مَنّ
stem:مَنّ

#WORD: أين
stem:أَيْنَ
stem:أَيَّن
stem:أَيَّن
stem:أَيْنَ

#WORD: أنت؟
stem:انت؟

#WORD: أنا
stem:أَنا
stem:أَنا
stem:آنا
stem:أَنا
stem:أَنْآ
stem:أَنْآ
stem:أَنّ
stem:أَنّ
stem:آن
stem:آن
stem:نْأَ
stem:نْأَ

#WORD: من
stem:مِن
stem:مِن
stem:مَنْ
stem:مَنْ
stem:مَنّ
stem:مَنّ
stem:مَنّ
stem:مَنّ
stem:مَنّ
stem:مَنّ
stem:مَنّ

#WORD: رومانيا
stem:رُومانِيا
stem:رُومانِيّ
stem:رُومانِيّ
stem:رُومانِيّ
stem:رُومانِيّ

#WORD: السؤال
stem:سُؤال
stem:سُؤال
stem:سُؤال
stem:سُؤال

#WORD: ٣:


#WORD: كم
stem:كَمْ
stem:كَمْ
stem:كَمْ
stem:كم
stem:كَمّ
stem:كَمّ
stem:كَمّ
stem:كَمّ
stem:كَمّ
stem:كَمّ
stem:كَمّ

#WORD: عمرك؟
stem:عمرك؟

#WORD: عمري
stem:عُمْرِيّ
stem:عُمْرِيّ
stem:عُمْرِيّ
stem:عُمْرِيّ
stem:عُمْرِيّ
stem:عُمْرِيّ
stem:عُمَرِيّ
stem:عُمَرِيّ
stem:عُمَرِيّ
stem:عُمَرِيّ
stem:عُمَرِيّ
stem:عُمَرِيّ
stem:عُمْر
stem:عُمَر

#WORD: اثنان
stem:ٱِثْن

#WORD: و
stem:وَ
stem:و

#WORD: عشرون
stem:عِشْر
stem:عِشْر

#WORD: سنة
stem:سُنَّة
stem:سُنَّة
stem:سُنَّة
stem:سُنَّة
stem:سُنَّة
stem:سُنَّة
stem:سُنَّة
stem:سَنّ
stem:سَنّ
stem:سَنّ
stem:سَنّ
stem:سِنّ
stem:سِنّ
stem:سِنّ
stem:سِنّ
stem:سِنّ
stem:سِنّ
stem:سُنّ
stem:سُنّ
stem:سُنّ
stem:سُنّ
stem:سُنّ
stem:سُنّ
stem:سُنّ
stem:سَن
stem:سَن
stem:سَن
stem:سَن
stem:سَن
stem:سَن
stem:سَن
stem:هِ

#WORD: السؤال
stem:سُؤال
stem:سُؤال
stem:سُؤال
stem:سُؤال

#WORD: ٤:


#WORD: أين
stem:أَيْنَ
stem:أَيَّن
stem:أَيَّن
stem:أَيْنَ

#WORD: تسكنين
stem:سْكُن
stem:سَكِّن
stem:سْكِن
stem:سْكَن

#WORD: ؟
stem:؟

#WORD: أسكن
stem:أَسْكَن
stem:أَسْكَن
stem:آس
stem:آس
stem:آس
stem:آس
stem:آس
stem:آس
stem:أُسّ
stem:أُسّ
stem:أُسّ
stem:سْكُن
stem:سْكُن
stem:سْكُن
stem:سَكِّن
stem:سَكِّن
stem:سَكِّن
stem:سْكِن
stem:سْكِن
stem:سْكِن
stem:سْكَن
stem:سْكَن
stem:سْكَن

#WORD: في
stem:فِي
stem:فِي
stem:فِي
stem:ي
stem:ي
stem:ي
stem:ي

#WORD: أبو
stem:أَبُو
stem:أَبُو
stem:آب

#WORD: ظبي
stem:ظَبْي
stem:ظَبْي
stem:ظَبْي
stem:ظَبْي
stem:ظَبْي
stem:ظَبْي
stem:ظَبِي

#WORD: السؤال
stem:سُؤال
stem:سُؤال
stem:سُؤال
stem:سُؤال

#WORD: ٥:


#WORD: أي
stem:أَيْ
stem:أَيْ
stem:أَيّ
stem:أَيّ
stem:أَيّ
stem:أَيّ
stem:أَيّ
stem:أَيّ
stem:أَيّ
stem:أَيّ
stem:أَيّ
stem:أَيّ
stem:أَيّ
stem:أَيّ
stem:أَيّ
stem:أَيّ
stem:أَيّ
stem:أَيّ
stem:أَيّ
stem:أَيّ
stem:إِي
stem:أَي
stem:أَي
stem:آي
stem:آي

#WORD: لغة
stem:لُغ
stem:لُغ
stem:لُغ
stem:لُغ
stem:لُغ
stem:لُغ
stem:لُغ

#WORD: /لغات
stem:/لغات

#WORD: تتكلمين؟
stem:تتكلمين؟
stem:تكلمين؟

#WORD: أتكلم
stem:تَكَلَّم
stem:تَكَلَّم
stem:تَكَلَّم

#WORD: الرومانية
stem:رُومانِيّ
stem:رُومانِيّ
stem:رُومانِيّ
stem:رُومانِيّ
stem:رُومانِيّ
stem:رُومانِيّ
stem:رُومانِيّ
stem:رُومانِيّ

#WORD: و
stem:وَ
stem:و

#WORD: الروسية
stem:رُوسِيّ
stem:رُوسِيّ
stem:رُوسِيّ
stem:رُوسِيّ
stem:رُوسِيّ
stem:رُوسِيّ
stem:رُوسِيّ
stem:رُوسِيّ
stem:رُوسِيّ
stem:رُوسِيّ
stem:رُوسِيّ
stem:رُوسِيّ

#WORD: و
stem:وَ
stem:و

#WORD: الفرنسية
stem:فَرَنْسِيّ
stem:فَرَنْسِيّ
stem:فَرَنْسِيّ
stem:فَرَنْسِيّ
stem:فَرَنْسِيّ
stem:فَرَنْسِيّ
stem:فَرَنْسِيّ
stem:فَرَنْسِيّ

#WORD: و
stem:وَ
stem:و

#WORD: الانجليزية
stem:إِنْجلِيزِيّ
stem:إِنْجلِيزِيّ
stem:إِنْجلِيزِيّ
stem:إِنْجلِيزِيّ
stem:إِنْجلِيزِيّ
stem:إِنْجلِيزِيّ
stem:إِنْجلِيزِيّ
stem:إِنْجلِيزِيّ
stem:إِنْجلِيزِيّ
stem:إِنْجلِيزِيّ
stem:إِنْجلِيزِيّ
stem:إِنْجلِيزِيّ

#WORD: السؤال
stem:سُؤال
stem:سُؤال
stem:سُؤال
stem:سُؤال

#WORD: ٦:


#WORD: هل
stem:هَلْ
stem:هَلّ

#WORD: عندك
stem:عِنْد
stem:عِنْد
stem:عِنْد
stem:عِنْد
stem:عِنْد
stem:عِنْد

#WORD: إخوة
stem:أَخُو
stem:أَخُو
stem:إِخْو
stem:إِخْو
stem:إِخْو
stem:إِخْو
stem:إِخْو
stem:إِخْو
stem:إِخْو
stem:إِخْو
stem:إِخْو
stem:إِخْو
stem:إِخْو
stem:إِخْو
stem:إِخْو
stem:إِخْو
stem:أُخُوّ
stem:أُخُوّ
stem:أُخُوّ
stem:أُخُوّ
stem:أُخُوّ
stem:أُخُوّ
stem:أُخُوّ
stem:آخ
stem:خْوِ
stem:خْوَ

#WORD: أو
stem:أَوْ
stem:أُو

#WORD: أخوات؟
stem:اخوات؟

#WORD: عندي
stem:عِنْد

#WORD: أخت
stem:أُخْت
stem:أُخْت
stem:أُخْت
stem:أُخْت
stem:أُخْت
stem:أُخْت
stem:آخ

#WORD: واحدة.
stem:واحده.
stem:احده.
stem:احده.
stem:احده.
stem:احده.

#WORD: عمرها
stem:عَمَر
stem:عَمُر
stem:عَمَّر
stem:عُمْر
stem:عُمْر
stem:عُمْر
stem:عُمَر
stem:عُمَر
stem:عُمَر

#WORD: ٢٠


#WORD: سنة
stem:سُنَّة
stem:سُنَّة
stem:سُنَّة
stem:سُنَّة
stem:سُنَّة
stem:سُنَّة
stem:سُنَّة
stem:سَنّ
stem:سَنّ
stem:سَنّ
stem:سَنّ
stem:سِنّ
stem:سِنّ
stem:سِنّ
stem:سِنّ
stem:سِنّ
stem:سِنّ
stem:سُنّ
stem:سُنّ
stem:سُنّ
stem:سُنّ
stem:سُنّ
stem:سُنّ
stem:سُنّ
stem:سَن
stem:سَن
stem:سَن
stem:سَن
stem:سَن
stem:سَن
stem:سَن
stem:هِ

#WORD: السؤال
stem:سُؤال
stem:سُؤال
stem:سُؤال
stem:سُؤال

#WORD: ٧:


#WORD: هل
stem:هَلْ
stem:هَلّ

#WORD: عندك
stem:عِنْد
stem:عِنْد
stem:عِنْد
stem:عِنْد
stem:عِنْد
stem:عِنْد

#WORD: أي
stem:أَيْ
stem:أَيْ
stem:أَيّ
stem:أَيّ
stem:أَيّ
stem:أَيّ
stem:أَيّ
stem:أَيّ
stem:أَيّ
stem:أَيّ
stem:أَيّ
stem:أَيّ
stem:أَيّ
stem:أَيّ
stem:أَيّ
stem:أَيّ
stem:أَيّ
stem:أَيّ
stem:أَيّ
stem:أَيّ
stem:إِي
stem:أَي
stem:أَي
stem:آي
stem:آي

#WORD: حيوانات
stem:حَيَوان
stem:حَيَوان
stem:حَيَوان
stem:حَيَوان
stem:حَيَوان
stem:حَيَوان
stem:حَيَوان

#WORD: أليفة
stem:أَلِيف
stem:أَلِيف
stem:أَلِيف
stem:أَلِيف
stem:أَلِيف
stem:أَلِيف
stem:أَلِيف
stem:أَلِيف
stem:أَلِيف
stem:أَلِيف
stem:لَيِّف
stem:لَيِّف
stem:لَيِّف

#WORD: ؟
stem:؟

#WORD: عندي
stem:عِنْد

#WORD: كلبين
stem:كَلْب
stem:كَلْب
stem:كَلِب
stem:كَلِب

#WORD: السؤال
stem:سُؤال
stem:سُؤال
stem:سُؤال
stem:سُؤال

#WORD: ٨:


#WORD: أين
stem:أَيْنَ
stem:أَيَّن
stem:أَيَّن
stem:أَيْنَ

#WORD: تدرسين
stem:دْرُس
stem:دْرَس
stem:دَرِّس
stem:دَرْس
stem:دَرْس

#WORD: ؟
stem:؟

#WORD: أدرس
stem:دْرُس
stem:دْرُس
stem:دْرُس
stem:دْرَس
stem:دْرَس
stem:دْرَس
stem:دَرِّس
stem:دَرِّس
stem:دَرِّس

#WORD: في
stem:فِي
stem:فِي
stem:فِي
stem:ي
stem:ي
stem:ي
stem:ي

#WORD: جامعة
stem:جامَع
stem:جامِع
stem:جامِع
stem:جامِع
stem:جامِع
stem:جامِع
stem:جامِع
stem:جامِع
stem:جامِع
stem:جامِع
stem:جامِع
stem:جامِع
stem:جامِع
stem:جامِع
stem:جامِع
stem:جامِع
stem:جامِع
stem:جامِع
stem:جامِع
stem:جامِع
stem:جامِع
stem:جامِع
stem:جامِع
stem:جامِع
stem:جامِع
stem:جامِع
stem:جامِع
stem:جامِع
stem:جامِع
stem:جامِع
stem:جامِع
stem:جامِع
stem:جامِع
stem:جامِع
stem:جامِع
stem:جامِع
stem:جامِع
stem:جامِع
stem:جامِع
stem:جامِع
stem:جامِع
stem:جامِع
stem:جامِع
stem:جامِع
stem:جامِع
stem:جامِع
stem:جامِع
stem:جامِع
stem:جامِع
stem:جامِع
stem:جامِع
stem:جامِع
stem:جامِع
stem:جامِع
stem:جامِع
stem:جامِع
stem:جامِع
stem:جامِع

#WORD: نيويورك
stem:نِيُويُورْك

#WORD: في
stem:فِي
stem:فِي
stem:فِي
stem:ي
stem:ي
stem:ي
stem:ي

#WORD: أبوظبي
stem:أَبُوظَبِي

#WORD: السؤال
stem:سُؤال
stem:سُؤال
stem:سُؤال
stem:سُؤال

#WORD: ٩:


#WORD: ماذا
stem:ماذا
stem:ماذا

#WORD: تدرسين
stem:دْرُس
stem:دْرَس
stem:دَرِّس
stem:دَرْس
stem:دَرْس

#WORD: ؟
stem:؟

#WORD: أدرس
stem:دْرُس
stem:دْرُس
stem:دْرُس
stem:دْرَس
stem:دْرَس
stem:دْرَس
stem:دَرِّس
stem:دَرِّس
stem:دَرِّس

#WORD: علم
stem:عَلِم
stem:عُلِم
stem:عَلَّم
stem:عِلْم
stem:عِلْم
stem:عِلْم
stem:عِلْم
stem:عِلْم
stem:عِلْم
stem:عِلْم
stem:عِلْم
stem:عِلْم
stem:عِلْم
stem:عِلْم
stem:عِلْم
stem:عَلَم
stem:عَلَم
stem:عَلَم
stem:عَلَم
stem:عَلَم
stem:عَلَم
stem:عَلَم
stem:عَلَم
stem:عَلَم
stem:عَلَم
stem:عَلَم
stem:عَلَم

#WORD: الكمبيوتر
stem:كَمْبِيُوتِر
stem:كَمْبِيُوتِر
stem:كَمْبِيُوتِر
stem:كَمْبِيُوتِر

#WORD: السؤال
stem:سُؤال
stem:سُؤال
stem:سُؤال
stem:سُؤال

#WORD: ١٠:


#WORD: أين
stem:أَيْنَ
stem:أَيَّن
stem:أَيَّن
stem:أَيْنَ

#WORD: نشأت؟
stem:نشات؟

#WORD: نشأت
stem:نَشَأ
stem:نَشَأ
stem:نَشَأ
stem:نَشَأ
stem:نَشَّأ
stem:نَشَّأ
stem:نَشَّأ
stem:نَشَّأ

#WORD: في
stem:فِي
stem:فِي
stem:فِي
stem:ي
stem:ي
stem:ي
stem:ي

#WORD: بوخارست
stem:بُوخارِسْت

#WORD: السؤال
stem:سُؤال
stem:سُؤال
stem:سُؤال
stem:سُؤال

#WORD: ١١:


#WORD: ما
stem:ما
stem:ما
stem:ما
stem:ما
stem:ما
stem:ما
stem:ما
stem:ما

#WORD: هو
stem:هُوَ
stem:هُو

#WORD: فيلمك
stem:فِيلم
stem:فِيلم
stem:فِيلم
stem:فِيلم
stem:فِيلم
stem:فِيلم
stem:لُمّ
stem:لُمّ
stem:لُمّ
stem:لُمّ
stem:لُمّ
stem:لُمّ
stem:لُمّ
stem:لُمّ
stem:لُمّ
stem:لُمّ
stem:لُمّ
stem:لُمّ
stem:لُمّ
stem:لُمّ
stem:لُمّ
stem:لُمّ
stem:لُمّ
stem:لُمّ
stem:لُمّ
stem:لُمّ
stem:لُمّ
stem:لُمّ
stem:لُمّ
stem:لُمّ
stem:لَمّ
stem:لَمّ
stem:لُم
stem:لُم
stem:لُم
stem:لُم
stem:لُم
stem:لُم
stem:لُم
stem:لُم
stem:لِم
stem:لِم
stem:لِم
stem:لِم
stem:لِم
stem:لِم
stem:لِم
stem:لِم

#WORD: المفضل
stem:مِفْضَل
stem:مِفْضَل
stem:مِفْضَل
stem:مِفْضَل
stem:مُفَضَّل
stem:مُفَضَّل
stem:مُفَضَّل
stem:مُفَضَّل

#WORD: ؟
stem:؟

#WORD: فيلمي
stem:فِيلْمِيّ
stem:فِيلْمِيّ
stem:فِيلْمِيّ
stem:فِيلْمِيّ
stem:فِيلْمِيّ
stem:فِيلْمِيّ
stem:فِيلم
stem:فِيلم
stem:فِيلم
stem:فِيلم
stem:فِيلم
stem:لَمّ

#WORD: المفضل
stem:مِفْضَل
stem:مِفْضَل
stem:مِفْضَل
stem:مِفْضَل
stem:مُفَضَّل
stem:مُفَضَّل
stem:مُفَضَّل
stem:مُفَضَّل

#WORD: هو
stem:هُوَ
stem:هُو

#WORD: “ليتل
stem:“ليتل

#WORD: مس
stem:مَسّ
stem:مَسّ
stem:مَسّ
stem:مَسّ
stem:مَسّ
stem:مَسّ
stem:مَسّ
stem:مَسّ
stem:مَسّ
stem:مَسّ
stem:مَسّ
stem:مَسّ
stem:مَسّ

#WORD: سنشاين”
stem:سنشاين”

#WORD: السؤال
stem:سُؤال
stem:سُؤال
stem:سُؤال
stem:سُؤال

#WORD: ١٢:


#WORD: ما
stem:ما
stem:ما
stem:ما
stem:ما
stem:ما
stem:ما
stem:ما
stem:ما

#WORD: هي
stem:هِيَ

#WORD: فرقتك
stem:فَرَق
stem:فَرَق
stem:فَرَق
stem:فَرَق
stem:فَرَّق
stem:فَرَّق
stem:فَرَّق
stem:فَرَّق
stem:فِرْق
stem:فِرْق
stem:فِرْق
stem:فِرْق
stem:فِرْق
stem:فِرْق
stem:فِرْق
stem:فِرْق
stem:فِرْق
stem:فِرْق
stem:فِرْق
stem:فِرْق
stem:فُرْق
stem:فُرْق
stem:فُرْق
stem:فُرْق
stem:فُرْق
stem:فُرْق
stem:رِقّ
stem:رِقّ
stem:رِقّ
stem:رِقّ
stem:رِقّ
stem:رِقّ
stem:رِقّ
stem:رِقّ
stem:رِقّ
stem:رِقّ
stem:رِقّ
stem:رِقّ
stem:رِقّ
stem:رِقّ
stem:رِقّ
stem:رِقّ
stem:رِقّ
stem:رِقّ
stem:رِقّ
stem:رِقّ
stem:رِقّ
stem:رِقّ
stem:رِقّ
stem:رِقّ
stem:رَقّ
stem:رَقّ
stem:رَقّ
stem:رَقّ
stem:رَقّ
stem:رَقّ
stem:رَقّ
stem:رَقّ
stem:رُق
stem:رُق
stem:رُق
stem:رُق
stem:رُق
stem:رُق
stem:رُق
stem:رُق
stem:رِق
stem:رِق
stem:رِق
stem:رِق
stem:رِق
stem:رِق
stem:رِق
stem:رِق

#WORD: المفضلة
stem:مِفْضَل
stem:مِفْضَل
stem:مِفْضَل
stem:مِفْضَل
stem:مِفْضَل
stem:مِفْضَل
stem:مِفْضَل
stem:مِفْضَل
stem:مُفَضَّل
stem:مُفَضَّل
stem:مُفَضَّل
stem:مُفَضَّل

#WORD: ؟
stem:؟

#WORD: فرقتي
stem:فِرْق
stem:فِرْق
stem:فِرْق
stem:فِرْق
stem:فِرْق
stem:فِرْق
stem:فِرْق
stem:فِرْق
stem:فِرْق
stem:فِرْق
stem:فُرْق
stem:رِقّ
stem:رِقّ
stem:رِقّ
stem:رِقّ

#WORD: المفضلة
stem:مِفْضَل
stem:مِفْضَل
stem:مِفْضَل
stem:مِفْضَل
stem:مِفْضَل
stem:مِفْضَل
stem:مِفْضَل
stem:مِفْضَل
stem:مُفَضَّل
stem:مُفَضَّل
stem:مُفَضَّل
stem:مُفَضَّل

#WORD: هي
stem:هِيَ

#WORD: “جلاس
stem:“جلاس

#WORD: أنيمالز”
stem:انيمالز”

#WORD: السؤال
stem:سُؤال
stem:سُؤال
stem:سُؤال
stem:سُؤال

#WORD: ١٣:


#WORD: ما
stem:ما
stem:ما
stem:ما
stem:ما
stem:ما
stem:ما
stem:ما
stem:ما

#WORD: عدد
stem:عَدَّد
stem:عَدَد
stem:عَدَد
stem:عَدَد
stem:عَدَد
stem:عَدَد
stem:عَدَد

#WORD: البلدان
stem:بُلْدان
stem:بُلْدان
stem:بُلْدان
stem:بُلْدان
stem:بَلَد

#WORD: التي
stem:الَّتِي
stem:آل
stem:آل
stem:آل
stem:آل
stem:آل

#WORD: زرتها
stem:زَرّ
stem:زَر
stem:زُر
stem:زُر
stem:زُر

#WORD: ؟
stem:؟

#WORD: زرت
stem:زَرّ
stem:زَر
stem:زُر
stem:زُر
stem:زُر

#WORD: ١٩


#WORD: دولة
stem:دَوْل
stem:دَوْل
stem:دَوْل
stem:دَوْل
stem:دَوْل
stem:دَوْل
stem:دَوْل
stem:دُوَل
stem:دُوَل
stem:دُوَل

#WORD: السؤال
stem:سُؤال
stem:سُؤال
stem:سُؤال
stem:سُؤال

#WORD: ١٤:


#WORD: ما
stem:ما
stem:ما
stem:ما
stem:ما
stem:ما
stem:ما
stem:ما
stem:ما

#WORD: هي
stem:هِيَ

#WORD: الرياضات
stem:رِياض
stem:رِياض
stem:رِياض
stem:رِياض
stem:رِياض
stem:رِياض
stem:رِياض
stem:رِياض

#WORD: التي
stem:الَّتِي
stem:آل
stem:آل
stem:آل
stem:آل
stem:آل

#WORD: تمارسينها
stem:مارِس

#WORD: ؟
stem:؟

#WORD: أمارس
stem:مارِس
stem:مارِس
stem:مارِس
stem:مارَس
stem:مارَس
stem:مارَس

#WORD: رياضة
stem:رِياض
stem:رِياض
stem:رِياض
stem:رِياض
stem:رِياض
stem:رِياض
stem:رِياض
stem:رِياض
stem:رِياض
stem:رِياض
stem:رِياض
stem:رِياض
stem:رِياض
stem:رِياض
stem:رِياض
stem:رِياض
stem:رِياض
stem:رِياض
stem:رِياض
stem:رِياض

#WORD: التنس
stem:تِنِس
stem:تِنِس
stem:تِنِس
stem:تِنِس

#WORD: و
stem:وَ
stem:و

#WORD: الريشة
stem:رِيش
stem:رِيش
stem:رِيش
stem:رِيش

#WORD: السؤال
stem:سُؤال
stem:سُؤال
stem:سُؤال
stem:سُؤال

#WORD: ١٥:


#WORD: من
stem:مِن
stem:مِن
stem:مَنْ
stem:مَنْ
stem:مَنّ
stem:مَنّ
stem:مَنّ
stem:مَنّ
stem:مَنّ
stem:مَنّ
stem:مَنّ

#WORD: هو
stem:هُوَ
stem:هُو

#WORD: مرشدك
stem:مُرْشِد
stem:مُرْشِد
stem:مُرْشِد
stem:مُرْشِد
stem:مُرْشِد
stem:مُرْشِد
stem:مُرْشِد
stem:مُرْشِد
stem:مُرْشِد
stem:مُرْشِد
stem:مُرْشِد
stem:مُرْشِد

#WORD: لمشروع
stem:مَشْرُوع
stem:مَشْرُوع
stem:مَشْرُوع
stem:مَشْرُوع
stem:مَشْرُوع
stem:مَشْرُوع
stem:مَشْرُوع
stem:مَشْرُوع
stem:مَشْرُوع
stem:مَشْرُوع
stem:مَشْرُوع
stem:مَشْرُوع
stem:مَشْرُوع
stem:مَشْرُوع
stem:مَشْرُوع
stem:مَشْرُوع

#WORD: التخرج
stem:تَخَرُّج
stem:تَخَرُّج
stem:تَخَرُّج
stem:تَخَرُّج

#WORD: ؟
stem:؟

#WORD: البروفيسور
stem:برُوفِيسُور
stem:برُوفِيسُور
stem:برُوفِيسُور
stem:برُوفِيسُور
stem:برُوفِيسُور

#WORD: نزار
stem:نِزار
stem:زْأَر
stem:زْأَر
stem:زْأَر
stem:زار
stem:زار

#WORD: حبش
stem:حَبَش
stem:حَبَش
stem:حَبَش
stem:حَبَش
stem:حَبَش
stem:حَبَش

#WORD: السؤال
stem:سُؤال
stem:سُؤال
stem:سُؤال
stem:سُؤال

#WORD: ١٦:


#WORD: ما
stem:ما
stem:ما
stem:ما
stem:ما
stem:ما
stem:ما
stem:ما
stem:ما

#WORD: هي
stem:هِيَ

#WORD: موادك
stem:مَوادّ
stem:مَوادّ
stem:مَوادّ
stem:مَوادّ
stem:مَوادّ
stem:مَوادّ
stem:مَوادّ
stem:مَوادّ
stem:مَوادّ
stem:مَوادّ
stem:مَوادّ
stem:مَوادّ
stem:مَوادّ
stem:مَوادّ
stem:مَوادّ
stem:مَوادّ
stem:مَوادّ
stem:مَوادّ

#WORD: هذا
stem:هٰذا

#WORD: الفصل
stem:فَصْل
stem:فَصْل
stem:فَصْل
stem:فَصْل
stem:فَصْل
stem:فَصْل
stem:فَصْل
stem:فَصْل
stem:فَصْل
stem:فَصْل
stem:فَصْل
stem:فَصْل

#WORD: ؟
stem:؟

#WORD: موادي
stem:مَوادّ
stem:مَوادّ
stem:مَوادّ

#WORD: هي
stem:هِيَ

#WORD: “فن
stem:“فن

#WORD: الرواية
stem:رِواي
stem:رِواي
stem:رِواي
stem:رِواي
stem:رِواي
stem:رِواي
stem:رِواي
stem:رِواي

#WORD: العلمية”
stem:العلميه”
stem:علميه”

#WORD: ،
stem:،

#WORD: “علم
stem:“علم

#WORD: الإنسان
stem:إِنْسان
stem:إِنْسان
stem:إِنْسان
stem:إِنْسان

#WORD: و
stem:وَ
stem:و

#WORD: الوطن
stem:وَطَن
stem:وَطَن
stem:وَطَن
stem:وَطَن
stem:وَطَن

#WORD: العربي”،
stem:العربي”،
stem:عربي”،

#WORD: “ماش
stem:“ماش

#WORD: ابس”
stem:ابس”

#WORD: و
stem:وَ
stem:و

#WORD: “مشروع
stem:“مشروع

#WORD: التخرج”
stem:التخرج”
stem:تخرج”

#WORD: السؤال
stem:سُؤال
stem:سُؤال
stem:سُؤال
stem:سُؤال

#WORD: ١٧:


#WORD: ما
stem:ما
stem:ما
stem:ما
stem:ما
stem:ما
stem:ما
stem:ما
stem:ما

#WORD: هي
stem:هِيَ

#WORD: مدينتك
stem:مَدِين
stem:مَدِين
stem:مَدِين
stem:مَدِين
stem:مَدِين
stem:مَدِين
stem:مُدِين
stem:مُدِين
stem:مُدِين
stem:مُدِين
stem:مُدِين
stem:مُدِين
stem:مُدِين
stem:مُدِين
stem:مُدِين
stem:مُدِين
stem:مُدِين
stem:مُدِين
stem:مَدِين
stem:مَدِين
stem:مَدِين
stem:مَدِين
stem:مَدِين
stem:مَدِين
stem:مَدِين
stem:مَدِين
stem:مَدِين
stem:مَدِين
stem:مَدِين
stem:مَدِين
stem:مَدِين
stem:مَدِين
stem:مَدِين
stem:مَدِين
stem:مَدِين
stem:مَدِين

#WORD: المفضلة
stem:مِفْضَل
stem:مِفْضَل
stem:مِفْضَل
stem:مِفْضَل
stem:مِفْضَل
stem:مِفْضَل
stem:مِفْضَل
stem:مِفْضَل
stem:مُفَضَّل
stem:مُفَضَّل
stem:مُفَضَّل
stem:مُفَضَّل

#WORD: ؟
stem:؟

#WORD: مدينتي
stem:مَدِين
stem:مَدِين
stem:مَدِين
stem:مَدِين
stem:مَدِين
stem:مُدِين
stem:مُدِين
stem:مُدِين
stem:مُدِين
stem:مُدِين
stem:مُدِين
stem:مُدِين
stem:مُدِين
stem:مُدِين
stem:مُدِين
stem:مَدِين
stem:مَدِين
stem:مَدِين
stem:مَدِين
stem:مَدِين
stem:مَدِين
stem:مَدِين

#WORD: المفضلة
stem:مِفْضَل
stem:مِفْضَل
stem:مِفْضَل
stem:مِفْضَل
stem:مِفْضَل
stem:مِفْضَل
stem:مِفْضَل
stem:مِفْضَل
stem:مُفَضَّل
stem:مُفَضَّل
stem:مُفَضَّل
stem:مُفَضَّل

#WORD: هي
stem:هِيَ

#WORD: نيويورك
stem:نِيُويُورْك

#WORD: السؤال
stem:سُؤال
stem:سُؤال
stem:سُؤال
stem:سُؤال

#WORD: ١٨:


#WORD: متى
stem:مَتَى
stem:مَتَّى
stem:مَتَى

#WORD: عيد
stem:عَيَّد
stem:عِيد
stem:عِيد
stem:عِيد
stem:عِيد
stem:عِيد
stem:عِيد

#WORD: ميلادك؟
stem:ميلادك؟

#WORD: عيد
stem:عَيَّد
stem:عِيد
stem:عِيد
stem:عِيد
stem:عِيد
stem:عِيد
stem:عِيد

#WORD: ميلادي
stem:مِيلادِيّ
stem:مِيلادِيّ
stem:مِيلادِيّ
stem:مِيلادِيّ
stem:مِيلادِيّ
stem:مِيلادِيّ
stem:مِيلاد
stem:مِيلاد
stem:مِيلاد
stem:مِيلاد
stem:مِيلاد
stem:مِيلاد
stem:مِيلاد
stem:مِيلاد

#WORD: هو
stem:هُوَ
stem:هُو

#WORD: الثاني
stem:ثانِي
stem:ثانِي
stem:ثانِي
stem:ثانِي

#WORD: عشر
stem:عَشَّر
stem:عُشُر
stem:عُشُر
stem:عُشُر
stem:عُشُر
stem:عُشُر
stem:عُشُر
stem:عَشْر
stem:عَشْر
stem:عَشْر
stem:عَشْر
stem:عَشْر
stem:عَشْر
stem:عَشَر
stem:عَشَر
stem:عَشَر
stem:عَشَر
stem:عَشَر
stem:عَشَر
stem:عَشَر
stem:عَشَر
stem:عَشَر
stem:عَشَر
stem:عَشَر
stem:عَشَر

#WORD: من
stem:مِن
stem:مِن
stem:مَنْ
stem:مَنْ
stem:مَنّ
stem:مَنّ
stem:مَنّ
stem:مَنّ
stem:مَنّ
stem:مَنّ
stem:مَنّ

#WORD: أيار
stem:أَيّار
stem:أَيّار
stem:أَيّار
stem:أَيّار
stem:أَيّار
stem:أَيّار
stem:أَيّار

#WORD: السؤال
stem:سُؤال
stem:سُؤال
stem:سُؤال
stem:سُؤال

#WORD: ١٩:


#WORD: ما
stem:ما
stem:ما
stem:ما
stem:ما
stem:ما
stem:ما
stem:ما
stem:ما

#WORD: هي
stem:هِيَ

#WORD: لغة
stem:لُغ
stem:لُغ
stem:لُغ
stem:لُغ
stem:لُغ
stem:لُغ
stem:لُغ

#WORD: البرمجة
stem:بَرْمَج
stem:بَرْمَج
stem:بَرْمَج
stem:بَرْمَج

#WORD: المفضلة
stem:مِفْضَل
stem:مِفْضَل
stem:مِفْضَل
stem:مِفْضَل
stem:مِفْضَل
stem:مِفْضَل
stem:مِفْضَل
stem:مِفْضَل
stem:مُفَضَّل
stem:مُفَضَّل
stem:مُفَضَّل
stem:مُفَضَّل

#WORD: لديك؟
stem:لديك؟
stem:ديك؟
stem:ديك؟
stem:ديك؟

#WORD: لغة
stem:لُغ
stem:لُغ
stem:لُغ
stem:لُغ
stem:لُغ
stem:لُغ
stem:لُغ

#WORD: البرمجة
stem:بَرْمَج
stem:بَرْمَج
stem:بَرْمَج
stem:بَرْمَج

#WORD: المفضلة
stem:مِفْضَل
stem:مِفْضَل
stem:مِفْضَل
stem:مِفْضَل
stem:مِفْضَل
stem:مِفْضَل
stem:مِفْضَل
stem:مِفْضَل
stem:مُفَضَّل
stem:مُفَضَّل
stem:مُفَضَّل
stem:مُفَضَّل

#WORD: لدي
stem:لَدَى
stem:لَدَي
stem:لِدّ
stem:لُدّ
stem:لِد
stem:لِد
stem:لِد
stem:لِد
stem:لِد

#WORD: هي
stem:هِيَ

#WORD: “بايثون”
stem:“بايثون”

#WORD: السؤال
stem:سُؤال
stem:سُؤال
stem:سُؤال
stem:سُؤال

#WORD: ٢٠:


#WORD: ما
stem:ما
stem:ما
stem:ما
stem:ما
stem:ما
stem:ما
stem:ما
stem:ما

#WORD: هو
stem:هُوَ
stem:هُو

#WORD: آخر
stem:آخَر
stem:آخَر
stem:آخَر
stem:آخَر
stem:آخَر
stem:آخَر
stem:آخِر
stem:آخِر
stem:آخِر
stem:آخِر
stem:آخِر
stem:آخِر
stem:أَخَّر
stem:خِرّ
stem:خِرّ
stem:خِرّ
stem:خُرّ
stem:خُرّ
stem:خُرّ
stem:خُر
stem:خِر

#WORD: كتاب
stem:كِتاب
stem:كِتاب
stem:كِتاب
stem:كِتاب
stem:كِتاب
stem:كِتاب
stem:كُتّاب
stem:كُتّاب
stem:كُتّاب
stem:كُتّاب
stem:كُتّاب
stem:كُتّاب
stem:كُتّاب
stem:كُتّاب
stem:كُتّاب
stem:كُتّاب
stem:كُتّاب
stem:كُتّاب

#WORD: قرأتيه؟
stem:قراتيه؟

#WORD: أخر
stem:آخَر
stem:آخَر
stem:آخَر
stem:آخَر
stem:آخَر
stem:آخَر
stem:آخِر
stem:آخِر
stem:آخِر
stem:آخِر
stem:آخِر
stem:آخِر
stem:أَخَّر
stem:خِرّ
stem:خِرّ
stem:خِرّ
stem:خُرّ
stem:خُرّ
stem:خُرّ
stem:خُر
stem:خِر

#WORD: كتاب
stem:كِتاب
stem:كِتاب
stem:كِتاب
stem:كِتاب
stem:كِتاب
stem:كِتاب
stem:كُتّاب
stem:كُتّاب
stem:كُتّاب
stem:كُتّاب
stem:كُتّاب
stem:كُتّاب
stem:كُتّاب
stem:كُتّاب
stem:كُتّاب
stem:كُتّاب
stem:كُتّاب
stem:كُتّاب

#WORD: قرأته
stem:قَرَأ
stem:قَرَأ
stem:قَرَأ
stem:قَرَأ

#WORD: هو
stem:هُوَ
stem:هُو

#WORD: “يمن
stem:“يمن

#WORD: كرونيكل”
stem:كرونيكل”
stem:رونيكل”

#WORD: السؤال
stem:سُؤال
stem:سُؤال
stem:سُؤال
stem:سُؤال

#WORD: 21:


#WORD: كم
stem:كَمْ
stem:كَمْ
stem:كَمْ
stem:كم
stem:كَمّ
stem:كَمّ
stem:كَمّ
stem:كَمّ
stem:كَمّ
stem:كَمّ
stem:كَمّ

#WORD: 
NO_ANALYSIS

#WORD: مرة
stem:مَرّ
stem:مَرّ
stem:مَرّ
stem:مَرّ
stem:مَرّ
stem:مَرّ
stem:مَرّ
stem:مَرّ
stem:مَرّ
stem:مَرّ
stem:مَرّ
stem:مَرّ
stem:مَرّ
stem:مَرّ
stem:مَرّ
stem:مَرّ
stem:مَرّ
stem:مَرّ
stem:مُرّ
stem:مُرّ
stem:مُرّ
stem:مُرّ
stem:مُرّ
stem:مُرّ
stem:مُرّ
stem:مُرّ
stem:مُرّ
stem:مُرّ

#WORD: في
stem:فِي
stem:فِي
stem:فِي
stem:ي
stem:ي
stem:ي
stem:ي

#WORD: الأسبوع
stem:أُسْبُوع
stem:أُسْبُوع
stem:أُسْبُوع
stem:أُسْبُوع

#WORD: تمارسين
stem:مارِس
stem:مارَس

#WORD: الرياضة؟
stem:الرياضه؟
stem:رياضه؟

#WORD: ليس
stem:لَيْس
stem:لَيْسَ
stem:لَيِس
stem:لِيس
stem:لِيس
stem:لِيس
stem:لِيس
stem:لِيس
stem:لِيس
stem:لِيس
stem:لِيس
stem:لِيس
stem:لِيس
stem:لِيس
stem:لِيس

#WORD: لدي
stem:لَدَى
stem:لَدَي
stem:لِدّ
stem:لُدّ
stem:لِد
stem:لِد
stem:لِد
stem:لِد
stem:لِد

#WORD: جواب
stem:جَواب
stem:جَواب
stem:جَواب
stem:جَواب
stem:جَواب
stem:جَواب
stem:جَواب
stem:جَواب
stem:جَواب
stem:جَواب
stem:جَواب
stem:جَواب
stem:جَواب
stem:جَواب
stem:جَواب

#WORD: السؤال
stem:سُؤال
stem:سُؤال
stem:سُؤال
stem:سُؤال

#WORD: 22:


#WORD: ما
stem:ما
stem:ما
stem:ما
stem:ما
stem:ما
stem:ما
stem:ما
stem:ما

#WORD: هي
stem:هِيَ

#WORD: الحيوانات
stem:حَيَوان
stem:حَيَوان
stem:حَيَوان
stem:حَيَوان

#WORD: الأليفة
stem:أَلِيف
stem:أَلِيف
stem:أَلِيف
stem:أَلِيف

#WORD: التي
stem:الَّتِي
stem:آل
stem:آل
stem:آل
stem:آل
stem:آل

#WORD: كانت
stem:كان

#WORD: لديك؟
stem:لديك؟
stem:ديك؟
stem:ديك؟
stem:ديك؟

#WORD: ليس
stem:لَيْس
stem:لَيْسَ
stem:لَيِس
stem:لِيس
stem:لِيس
stem:لِيس
stem:لِيس
stem:لِيس
stem:لِيس
stem:لِيس
stem:لِيس
stem:لِيس
stem:لِيس
stem:لِيس
stem:لِيس

#WORD: لدي
stem:لَدَى
stem:لَدَي
stem:لِدّ
stem:لُدّ
stem:لِد
stem:لِد
stem:لِد
stem:لِد
stem:لِد

#WORD: جواب
stem:جَواب
stem:جَواب
stem:جَواب
stem:جَواب
stem:جَواب
stem:جَواب
stem:جَواب
stem:جَواب
stem:جَواب
stem:جَواب
stem:جَواب
stem:جَواب
stem:جَواب
stem:جَواب
stem:جَواب

#WORD: السؤال
stem:سُؤال
stem:سُؤال
stem:سُؤال
stem:سُؤال

#WORD: 23:


#WORD: كيف
stem:كَيْفَ
stem:كَيْفَ
stem:كَيْف
stem:كَيْف
stem:كَيْف
stem:كَيْف
stem:كَيْف
stem:كَيْف

#WORD: تقضين
stem:تَقَضَّي
stem:قَضَي
stem:قْضِي
stem:قَضَّي
stem:قَضِّي
stem:قَضَّي
stem:قُضّ
stem:قَضّ
stem:قِضّ
stem:قْض
stem:قَضّ
stem:قَضّ

#WORD: معظم
stem:مُعَظَّم
stem:مُعَظَّم
stem:مُعَظَّم
stem:مُعَظَّم
stem:مُعَظَّم
stem:مُعَظَّم
stem:مُعَظَّم
stem:مُعَظَّم
stem:مُعَظَّم
stem:مُعَظَّم
stem:مُعَظَّم
stem:مُعَظَّم
stem:مُعْظَم
stem:مُعْظَم
stem:مُعْظَم
stem:مُعْظَم
stem:مُعْظَم
stem:مُعْظَم

#WORD: وقتك؟
stem:وقتك؟
stem:قتك؟
stem:قتك؟
stem:قتك؟
stem:قتك؟

#WORD: ليس
stem:لَيْس
stem:لَيْسَ
stem:لَيِس
stem:لِيس
stem:لِيس
stem:لِيس
stem:لِيس
stem:لِيس
stem:لِيس
stem:لِيس
stem:لِيس
stem:لِيس
stem:لِيس
stem:لِيس
stem:لِيس

#WORD: لدي
stem:لَدَى
stem:لَدَي
stem:لِدّ
stem:لُدّ
stem:لِد
stem:لِد
stem:لِد
stem:لِد
stem:لِد

#WORD: جواب
stem:جَواب
stem:جَواب
stem:جَواب
stem:جَواب
stem:جَواب
stem:جَواب
stem:جَواب
stem:جَواب
stem:جَواب
stem:جَواب
stem:جَواب
stem:جَواب
stem:جَواب
stem:جَواب
stem:جَواب

#WORD: السؤال
stem:سُؤال
stem:سُؤال
stem:سُؤال
stem:سُؤال

#WORD: 24:


#WORD: ما
stem:ما
stem:ما
stem:ما
stem:ما
stem:ما
stem:ما
stem:ما
stem:ما

#WORD: هي
stem:هِيَ

#WORD: برامجك
stem:بَرامِج
stem:بَرامِج
stem:بَرامِج
stem:بَرامِج
stem:بَرامِج
stem:بَرامِج

#WORD: التلفزيونية
stem:تِلْفِزيُونِيّ
stem:تِلْفِزيُونِيّ
stem:تِلْفِزيُونِيّ
stem:تِلْفِزيُونِيّ

#WORD: المفضلة؟
stem:المفضله؟
stem:مفضله؟

#WORD: ليس
stem:لَيْس
stem:لَيْسَ
stem:لَيِس
stem:لِيس
stem:لِيس
stem:لِيس
stem:لِيس
stem:لِيس
stem:لِيس
stem:لِيس
stem:لِيس
stem:لِيس
stem:لِيس
stem:لِيس
stem:لِيس

#WORD: لدي
stem:لَدَى
stem:لَدَي
stem:لِدّ
stem:لُدّ
stem:لِد
stem:لِد
stem:لِد
stem:لِد
stem:لِد

#WORD: جواب
stem:جَواب
stem:جَواب
stem:جَواب
stem:جَواب
stem:جَواب
stem:جَواب
stem:جَواب
stem:جَواب
stem:جَواب
stem:جَواب
stem:جَواب
stem:جَواب
stem:جَواب
stem:جَواب
stem:جَواب

#WORD: السؤال
stem:سُؤال
stem:سُؤال
stem:سُؤال
stem:سُؤال

#WORD: 25:


#WORD: ما
stem:ما
stem:ما
stem:ما
stem:ما
stem:ما
stem:ما
stem:ما
stem:ما

#WORD: هو
stem:هُوَ
stem:هُو

#WORD: نوعك
stem:نَوَّع
stem:نَوَّع
stem:نَوْع
stem:نَوْع
stem:نَوْع
stem:نَوْع
stem:نَوْع
stem:نَوْع
stem:وَعِّ
stem:وَعِّ
stem:وعِ
stem:وعِ

#WORD: المفضل
stem:مِفْضَل
stem:مِفْضَل
stem:مِفْضَل
stem:مِفْضَل
stem:مُفَضَّل
stem:مُفَضَّل
stem:مُفَضَّل
stem:مُفَضَّل

#WORD: من
stem:مِن
stem:مِن
stem:مَنْ
stem:مَنْ
stem:مَنّ
stem:مَنّ
stem:مَنّ
stem:مَنّ
stem:مَنّ
stem:مَنّ
stem:مَنّ

#WORD: الكتب؟
stem:الكتب؟
stem:كتب؟

#WORD: ليس
stem:لَيْس
stem:لَيْسَ
stem:لَيِس
stem:لِيس
stem:لِيس
stem:لِيس
stem:لِيس
stem:لِيس
stem:لِيس
stem:لِيس
stem:لِيس
stem:لِيس
stem:لِيس
stem:لِيس
stem:لِيس

#WORD: لدي
stem:لَدَى
stem:لَدَي
stem:لِدّ
stem:لُدّ
stem:لِد
stem:لِد
stem:لِد
stem:لِد
stem:لِد

#WORD: جواب
stem:جَواب
stem:جَواب
stem:جَواب
stem:جَواب
stem:جَواب
stem:جَواب
stem:جَواب
stem:جَواب
stem:جَواب
stem:جَواب
stem:جَواب
stem:جَواب
stem:جَواب
stem:جَواب
stem:جَواب

#WORD: السؤال
stem:سُؤال
stem:سُؤال
stem:سُؤال
stem:سُؤال

#WORD: 26:


#WORD: ما
stem:ما
stem:ما
stem:ما
stem:ما
stem:ما
stem:ما
stem:ما
stem:ما

#WORD: عنوان
stem:عُنْوان
stem:عُنْوان
stem:عُنْوان
stem:عُنْوان
stem:عُنْوان
stem:عُنْوان
stem:عُنْوان
stem:عُنْوان
stem:عُنْوان
stem:عُنْوان
stem:عُنْوان
stem:عُنْوان

#WORD: الفيلم
stem:فِيلم
stem:فِيلم
stem:فِيلم
stem:فِيلم

#WORD: الذي
stem:الَّذِي
stem:لْذَى
stem:لْذَى

#WORD: يصف
stem:يَصْف
stem:يَصْف
stem:يَصْف
stem:يَصْف
stem:يَصْف
stem:يَصْف
stem:صُفّ
stem:صُفّ
stem:صُفّ
stem:صْفُ
stem:صَفِّ
stem:صَفَّ
stem:صْفِ
stem:صْفَ
stem:صِف
stem:صِف
stem:صِف

#WORD: حياتك
stem:حَيا
stem:حَيا
stem:حَيا
stem:حَيا
stem:حَيا
stem:حَيا
stem:حَيا
stem:حَيا
stem:حَيا
stem:حَيا
stem:حَيا
stem:حَيا
stem:حَيّ
stem:حَيّ
stem:حَيّ
stem:حَيّ
stem:حَيّ
stem:حَيّ

#WORD: بشكل
stem:شَكْل
stem:شَكْل
stem:شَكْل
stem:شَكْل
stem:شَكْل
stem:شَكْل

#WORD: أفضل؟
stem:افضل؟

#WORD: ليس
stem:لَيْس
stem:لَيْسَ
stem:لَيِس
stem:لِيس
stem:لِيس
stem:لِيس
stem:لِيس
stem:لِيس
stem:لِيس
stem:لِيس
stem:لِيس
stem:لِيس
stem:لِيس
stem:لِيس
stem:لِيس

#WORD: لدي
stem:لَدَى
stem:لَدَي
stem:لِدّ
stem:لُدّ
stem:لِد
stem:لِد
stem:لِد
stem:لِد
stem:لِد

#WORD: جواب
stem:جَواب
stem:جَواب
stem:جَواب
stem:جَواب
stem:جَواب
stem:جَواب
stem:جَواب
stem:جَواب
stem:جَواب
stem:جَواب
stem:جَواب
stem:جَواب
stem:جَواب
stem:جَواب
stem:جَواب

#WORD: السؤال
stem:سُؤال
stem:سُؤال
stem:سُؤال
stem:سُؤال

#WORD: 27:


#WORD: ما
stem:ما
stem:ما
stem:ما
stem:ما
stem:ما
stem:ما
stem:ما
stem:ما

#WORD: هو
stem:هُوَ
stem:هُو

#WORD: الموقع
stem:مَوْقِع
stem:مَوْقِع
stem:مَوْقِع
stem:مَوْقِع
stem:مُوَقِّع
stem:مُوَقِّع
stem:مُوَقِّع
stem:مُوَقِّع
stem:مُوَقَّع
stem:مُوَقَّع
stem:مُوَقَّع
stem:مُوَقَّع

#WORD: الإلكتروني
stem:إِلِكْترُونِيّ
stem:إِلِكْترُونِيّ
stem:إِلِكْترُونِيّ
stem:إِلِكْترُونِيّ

#WORD: الذي
stem:الَّذِي
stem:لْذَى
stem:لْذَى

#WORD: تزوره
stem:زُور
stem:زُور
stem:زُور
stem:زُور
stem:زَوَّر
stem:زَوِّر
stem:زَوِّر
stem:زَوِّر
stem:زَوِّر
stem:زَوِّر
stem:زَوِّر
stem:زْوَرّ
stem:زْوَرّ
stem:زْوَرّ
stem:زْوَرّ
stem:زْوَرّ
stem:زْوَرّ
stem:زَوْر
stem:زَوْر
stem:زَوْر
stem:زُور
stem:زُور
stem:زُور
stem:زُور
stem:زُور
stem:زُور
stem:زَوَر
stem:زَوَر
stem:زَوَر
stem:زَوْر
stem:زَوْر
stem:زَوْر
stem:زَوْر
stem:زَوْر
stem:زَوْر
stem:زَوْر
stem:زُور
stem:زُور
stem:زُور
stem:زُور
stem:زُور
stem:زُور

#WORD: في
stem:فِي
stem:فِي
stem:فِي
stem:ي
stem:ي
stem:ي
stem:ي

#WORD: أغلب
stem:أَغْلَب
stem:أَغْلَب
stem:أَغْلَب
stem:أَغْلَب
stem:أَغْلَب
stem:أَغْلَب
stem:أَغْلَب
stem:أَغْلَب
stem:أَغْلَب
stem:أَغْلَب
stem:أَغْلَب
stem:أَغْلَب
stem:أَغْلَب
stem:أَغْلَب
stem:غْلِب
stem:غْلِب
stem:غْلِب

#WORD: الأحيان؟
stem:الاحيان؟
stem:احيان؟

#WORD: ليس
stem:لَيْس
stem:لَيْسَ
stem:لَيِس
stem:لِيس
stem:لِيس
stem:لِيس
stem:لِيس
stem:لِيس
stem:لِيس
stem:لِيس
stem:لِيس
stem:لِيس
stem:لِيس
stem:لِيس
stem:لِيس

#WORD: لدي
stem:لَدَى
stem:لَدَي
stem:لِدّ
stem:لُدّ
stem:لِد
stem:لِد
stem:لِد
stem:لِد
stem:لِد

#WORD: جواب
stem:جَواب
stem:جَواب
stem:جَواب
stem:جَواب
stem:جَواب
stem:جَواب
stem:جَواب
stem:جَواب
stem:جَواب
stem:جَواب
stem:جَواب
stem:جَواب
stem:جَواب
stem:جَواب
stem:جَواب

#WORD: السؤال
stem:سُؤال
stem:سُؤال
stem:سُؤال
stem:سُؤال

#WORD: 28:


#WORD: ما
stem:ما
stem:ما
stem:ما
stem:ما
stem:ما
stem:ما
stem:ما
stem:ما

#WORD: أكثر
stem:أَكْثَر
stem:أَكْثَر
stem:أَكْثَر
stem:أَكْثَر
stem:أَكْثَر
stem:أَكْثَر
stem:أَكْثَر
stem:أَكْثَر
stem:أَكْثَر
stem:أَكْثَر
stem:أَكْثَر
stem:أَكْثَر
stem:أَكْثَر
stem:أَكْثَر
stem:أَكْثَر
stem:كْثُر
stem:كْثُر
stem:كْثُر
stem:كَثِّر
stem:كَثِّر
stem:كَثِّر
stem:كْثِر
stem:كْثِر
stem:كْثِر
stem:كْثَر
stem:كْثَر
stem:كْثَر

#WORD: شي
stem:شَيّ
stem:شَيّ
stem:شَيّ
stem:شَيّ
stem:شَيّ
stem:شَيّ

#WORD: تحبه
stem:حَبّ
stem:حِبّ
stem:حِبّ
stem:حِبّ
stem:حِبّ
stem:حِبّ
stem:حِبّ
stem:حِبّ
stem:حِبّ
stem:حِبّ
stem:حِبّ
stem:حِبّ
stem:حِبّ
stem:حُبّ
stem:حُبّ
stem:حُبّ
stem:حَبّ
stem:حَبّ
stem:حَبّ
stem:حَبّ
stem:حَبّ
stem:حَبّ
stem:حَبّ
stem:حَبّ
stem:حَبّ
stem:حَبّ
stem:حْبُ
stem:حْبُ
stem:حْبَ
stem:حْبَ

#WORD: عن
stem:عَن
stem:عَنّ

#WORD: عائلتك؟
stem:عائلتك؟

#WORD: ليس
stem:لَيْس
stem:لَيْسَ
stem:لَيِس
stem:لِيس
stem:لِيس
stem:لِيس
stem:لِيس
stem:لِيس
stem:لِيس
stem:لِيس
stem:لِيس
stem:لِيس
stem:لِيس
stem:لِيس
stem:لِيس

#WORD: لدي
stem:لَدَى
stem:لَدَي
stem:لِدّ
stem:لُدّ
stem:لِد
stem:لِد
stem:لِد
stem:لِد
stem:لِد

#WORD: جواب
stem:جَواب
stem:جَواب
stem:جَواب
stem:جَواب
stem:جَواب
stem:جَواب
stem:جَواب
stem:جَواب
stem:جَواب
stem:جَواب
stem:جَواب
stem:جَواب
stem:جَواب
stem:جَواب
stem:جَواب

#WORD: السؤال
stem:سُؤال
stem:سُؤال
stem:سُؤال
stem:سُؤال

#WORD: 29:


#WORD: ما
stem:ما
stem:ما
stem:ما
stem:ما
stem:ما
stem:ما
stem:ما
stem:ما

#WORD: الذي
stem:الَّذِي
stem:لْذَى
stem:لْذَى

#WORD: لديك
stem:لَدَي
stem:لَدَي
stem:لِد
stem:لِد
stem:لِد
stem:لِد
stem:دِيك
stem:دِيك
stem:دِيك
stem:دِيك
stem:دِيك
stem:دِيك
stem:دِيك
stem:دِيك
stem:دِيك
stem:دِيك
stem:دِيك

#WORD: شكوك
stem:شُكُوك
stem:شُكُوك
stem:شُكُوك
stem:شُكُوك
stem:شُكُوك
stem:شُكُوك
stem:شَكْو
stem:شَكْو
stem:شَكْو
stem:شَكْو
stem:شَكْو
stem:شَكْو
stem:شَكّ
stem:شَكّ
stem:شَك
stem:شَك

#WORD: حوله؟
stem:حوله؟

#WORD: ليس
stem:لَيْس
stem:لَيْسَ
stem:لَيِس
stem:لِيس
stem:لِيس
stem:لِيس
stem:لِيس
stem:لِيس
stem:لِيس
stem:لِيس
stem:لِيس
stem:لِيس
stem:لِيس
stem:لِيس
stem:لِيس

#WORD: لدي
stem:لَدَى
stem:لَدَي
stem:لِدّ
stem:لُدّ
stem:لِد
stem:لِد
stem:لِد
stem:لِد
stem:لِد

#WORD: جواب
stem:جَواب
stem:جَواب
stem:جَواب
stem:جَواب
stem:جَواب
stem:جَواب
stem:جَواب
stem:جَواب
stem:جَواب
stem:جَواب
stem:جَواب
stem:جَواب
stem:جَواب
stem:جَواب
stem:جَواب

#WORD: السؤال
stem:سُؤال
stem:سُؤال
stem:سُؤال
stem:سُؤال

#WORD: 30:


#WORD: هل
stem:هَلْ
stem:هَلّ

#WORD: تؤمن
stem:ؤَمِّن
stem:ؤَمِّن
stem:ؤَمِّن
stem:ؤَمِّن
stem:ؤَمِّن
stem:ؤَمِّن
stem:ؤَمِّن
stem:ؤْمِن
stem:ؤْمِن
stem:ؤْمِن
stem:ؤْمِن
stem:ؤْمِن
stem:ؤْمِن
stem:ؤْمِن

#WORD: بوجود
stem:وُجُود
stem:وُجُود
stem:وُجُود
stem:وُجُود
stem:وُجُود
stem:وُجُود

#WORD: الكائنات
stem:كائِن
stem:كائِن
stem:كائِن
stem:كائِن

#WORD: الفضائية؟
stem:الفضائيه؟
stem:فضائيه؟

#WORD: ليس
stem:لَيْس
stem:لَيْسَ
stem:لَيِس
stem:لِيس
stem:لِيس
stem:لِيس
stem:لِيس
stem:لِيس
stem:لِيس
stem:لِيس
stem:لِيس
stem:لِيس
stem:لِيس
stem:لِيس
stem:لِيس

#WORD: لدي
stem:لَدَى
stem:لَدَي
stem:لِدّ
stem:لُدّ
stem:لِد
stem:لِد
stem:لِد
stem:لِد
stem:لِد

#WORD: جواب
stem:جَواب
stem:جَواب
stem:جَواب
stem:جَواب
stem:جَواب
stem:جَواب
stem:جَواب
stem:جَواب
stem:جَواب
stem:جَواب
stem:جَواب
stem:جَواب
stem:جَواب
stem:جَواب
stem:جَواب

#WORD: السؤال
stem:سُؤال
stem:سُؤال
stem:سُؤال
stem:سُؤال

#WORD: 31:


#WORD: ما
stem:ما
stem:ما
stem:ما
stem:ما
stem:ما
stem:ما
stem:ما
stem:ما

#WORD: هو
stem:هُوَ
stem:هُو

#WORD: الفيلم
stem:فِيلم
stem:فِيلم
stem:فِيلم
stem:فِيلم

#WORD: الأكثر
stem:أَكْثَر
stem:أَكْثَر
stem:أَكْثَر
stem:أَكْثَر
stem:أَكْثَر
stem:أَكْثَر
stem:أَكْثَر
stem:أَكْثَر

#WORD: إثارة
stem:أَثار
stem:أَثار
stem:أَثار
stem:أَثار
stem:أَثار
stem:أَثار
stem:أَثار
stem:آثار
stem:آثار
stem:آثار
stem:آثار
stem:آثار
stem:آثار
stem:أَثْأَر
stem:ٱِثَّأَر
stem:أَثْآر
stem:أَثْآر
stem:أَثْآر
stem:أَثار
stem:إِثار
stem:إِثار
stem:إِثار
stem:إِثار
stem:إِثار
stem:إِثار
stem:إِثار
stem:ثْأَر
stem:ثْأَر
stem:ثْأَر

#WORD: للقلق
stem:لَقْلَق
stem:لَقْلَق
stem:لَقْلَق
stem:لَقْلَق
stem:لَقْلَق
stem:لَقْلَق
stem:لَقْلَق
stem:لَقْلَق
stem:لَقْلَق
stem:لَقْلَق
stem:لَقْلَق
stem:قَلَق
stem:قَلَق
stem:قَلِق
stem:قَلِق
stem:قَلِق
stem:قَلِق

#WORD: الذي
stem:الَّذِي
stem:لْذَى
stem:لْذَى

#WORD: شاهدته؟
stem:شاهدته؟

#WORD: ليس
stem:لَيْس
stem:لَيْسَ
stem:لَيِس
stem:لِيس
stem:لِيس
stem:لِيس
stem:لِيس
stem:لِيس
stem:لِيس
stem:لِيس
stem:لِيس
stem:لِيس
stem:لِيس
stem:لِيس
stem:لِيس

#WORD: لدي
stem:لَدَى
stem:لَدَي
stem:لِدّ
stem:لُدّ
stem:لِد
stem:لِد
stem:لِد
stem:لِد
stem:لِد

#WORD: جواب
stem:جَواب
stem:جَواب
stem:جَواب
stem:جَواب
stem:جَواب
stem:جَواب
stem:جَواب
stem:جَواب
stem:جَواب
stem:جَواب
stem:جَواب
stem:جَواب
stem:جَواب
stem:جَواب
stem:جَواب

#WORD: السؤال
stem:سُؤال
stem:سُؤال
stem:سُؤال
stem:سُؤال

#WORD: 32:


#WORD: ما
stem:ما
stem:ما
stem:ما
stem:ما
stem:ما
stem:ما
stem:ما
stem:ما

#WORD: هي
stem:هِيَ

#WORD: أطرف
stem:أَطْرَف
stem:أَطْرَف
stem:أَطْرَف
stem:أَطْرَف
stem:أَطْرَف
stem:أَطْرَف
stem:أَطْرَف
stem:طْرِف
stem:طْرِف
stem:طْرِف
stem:طْرُف
stem:طْرُف
stem:طْرُف

#WORD: نكتة
stem:نَكَت
stem:نَكَت
stem:نَكَت
stem:نَكَت
stem:نَكَّت
stem:نَكَّت
stem:نَكَّت
stem:نَكَّت
stem:نُكْت
stem:نُكْت
stem:نُكْت
stem:نُكْت
stem:نُكْت
stem:نُكْت
stem:نُكْت
stem:نُكَت
stem:نُكَت
stem:نُكَت
stem:نِكَت
stem:نِكَت
stem:نِكَت
stem:نَك
stem:نِك
stem:نِك
stem:نِك
stem:كِتّ
stem:كِتّ
stem:كِتّ

#WORD: تعرفها
stem:تَعَرُّف
stem:تَعَرُّف
stem:تَعَرُّف
stem:عَرَف
stem:عْرِف
stem:عْرِف
stem:عْرِف
stem:عْرِف
stem:عْرِف
stem:عْرِف
stem:عَرَّف
stem:عَرِّف
stem:عَرِّف
stem:عَرِّف
stem:عَرِّف
stem:عَرِّف
stem:عَرِّف
stem:عُرْف
stem:عُرْف
stem:عُرْف

#WORD: عن
stem:عَن
stem:عَنّ

#WORD: ظهر
stem:ظَهَر
stem:ظَهَّر
stem:ظَهَّر
stem:ظَهْر
stem:ظَهْر
stem:ظَهْر
stem:ظَهْر
stem:ظَهْر
stem:ظَهْر
stem:ظُهْر
stem:ظُهْر
stem:ظُهْر
stem:ظُهْر
stem:ظُهْر
stem:ظُهْر

#WORD: قلب؟
stem:قلب؟

#WORD: ليس
stem:لَيْس
stem:لَيْسَ
stem:لَيِس
stem:لِيس
stem:لِيس
stem:لِيس
stem:لِيس
stem:لِيس
stem:لِيس
stem:لِيس
stem:لِيس
stem:لِيس
stem:لِيس
stem:لِيس
stem:لِيس

#WORD: لدي
stem:لَدَى
stem:لَدَي
stem:لِدّ
stem:لُدّ
stem:لِد
stem:لِد
stem:لِد
stem:لِد
stem:لِد

#WORD: جواب
stem:جَواب
stem:جَواب
stem:جَواب
stem:جَواب
stem:جَواب
stem:جَواب
stem:جَواب
stem:جَواب
stem:جَواب
stem:جَواب
stem:جَواب
stem:جَواب
stem:جَواب
stem:جَواب
stem:جَواب

#WORD: السؤال
stem:سُؤال
stem:سُؤال
stem:سُؤال
stem:سُؤال

#WORD: 33:


#WORD: ما
stem:ما
stem:ما
stem:ما
stem:ما
stem:ما
stem:ما
stem:ما
stem:ما

#WORD: هي
stem:هِيَ

#WORD: أكبر
stem:أَكْبَر
stem:أَكْبَر
stem:أَكْبَر
stem:أَكْبَر
stem:أَكْبَر
stem:أَكْبَر
stem:أَكْبَر
stem:أَكْبَر
stem:أَكْبَر
stem:أَكْبَر
stem:أَكْبَر
stem:أَكْبَر
stem:أَكْبَر
stem:أَكْبَر
stem:أَكْبَر
stem:كْبُر
stem:كْبُر
stem:كْبُر
stem:كَبِّر
stem:كَبِّر
stem:كَبِّر
stem:كْبِر
stem:كْبِر
stem:كْبِر
stem:كْبَر
stem:كْبَر
stem:كْبَر

#WORD: نقطة
stem:نَقَط
stem:نَقَّط
stem:نُقْط
stem:نُقْط
stem:نُقْط
stem:نُقْط
stem:نُقْط
stem:نُقْط
stem:نُقْط
stem:نُقَط
stem:نُقَط
stem:نُقَط
stem:قُطّ
stem:قُطّ
stem:قُطّ

#WORD: قوة
stem:قَوَّه
stem:قُوّ
stem:قُوّ
stem:قُوّ
stem:قُوّ
stem:قُوّ
stem:قُوّ
stem:قُوّ
stem:قُوّ
stem:قُوّ
stem:قُوّ
stem:قُوّ
stem:قُوّ
stem:قُوّ
stem:قُوّ

#WORD: لديك؟
stem:لديك؟
stem:ديك؟
stem:ديك؟
stem:ديك؟

#WORD: ليس
stem:لَيْس
stem:لَيْسَ
stem:لَيِس
stem:لِيس
stem:لِيس
stem:لِيس
stem:لِيس
stem:لِيس
stem:لِيس
stem:لِيس
stem:لِيس
stem:لِيس
stem:لِيس
stem:لِيس
stem:لِيس

#WORD: لدي
stem:لَدَى
stem:لَدَي
stem:لِدّ
stem:لُدّ
stem:لِد
stem:لِد
stem:لِد
stem:لِد
stem:لِد

#WORD: جواب
stem:جَواب
stem:جَواب
stem:جَواب
stem:جَواب
stem:جَواب
stem:جَواب
stem:جَواب
stem:جَواب
stem:جَواب
stem:جَواب
stem:جَواب
stem:جَواب
stem:جَواب
stem:جَواب
stem:جَواب

#WORD: السؤال
stem:سُؤال
stem:سُؤال
stem:سُؤال
stem:سُؤال

#WORD: 34:


#WORD: ما
stem:ما
stem:ما
stem:ما
stem:ما
stem:ما
stem:ما
stem:ما
stem:ما

#WORD: هو
stem:هُوَ
stem:هُو

#WORD: أسوأ
stem:أَسْوَأ
stem:أَسْوَأ
stem:أَسْوَأ
stem:أَسْوَأ
stem:أَسْوَأ
stem:أَسْوَأ
stem:أَسْوَأ
stem:أَسْوَآ
stem:أَسَو
stem:أَس
stem:أَس
stem:أَسّ
stem:آس
stem:آس

#WORD: مثال
stem:مِثال
stem:مِثال
stem:مِثال
stem:مِثال
stem:مِثال
stem:مِثال
stem:مَثّال
stem:مَثّال
stem:مَثّال
stem:مَثّال
stem:مَثّال
stem:مَثّال

#WORD: عن
stem:عَن
stem:عَنّ

#WORD: تضييع
stem:تَضْيِيع
stem:تَضْيِيع
stem:تَضْيِيع
stem:تَضْيِيع
stem:تَضْيِيع
stem:تَضْيِيع

#WORD: الوقت
stem:وَقْت
stem:وَقْت
stem:وَقْت
stem:وَقْت

#WORD: لديك
stem:لَدَي
stem:لَدَي
stem:لِد
stem:لِد
stem:لِد
stem:لِد
stem:دِيك
stem:دِيك
stem:دِيك
stem:دِيك
stem:دِيك
stem:دِيك
stem:دِيك
stem:دِيك
stem:دِيك
stem:دِيك
stem:دِيك

#WORD: ؟
stem:؟

#WORD: ليس
stem:لَيْس
stem:لَيْسَ
stem:لَيِس
stem:لِيس
stem:لِيس
stem:لِيس
stem:لِيس
stem:لِيس
stem:لِيس
stem:لِيس
stem:لِيس
stem:لِيس
stem:لِيس
stem:لِيس
stem:لِيس

#WORD: لدي
stem:لَدَى
stem:لَدَي
stem:لِدّ
stem:لُدّ
stem:لِد
stem:لِد
stem:لِد
stem:لِد
stem:لِد

#WORD: جواب
stem:جَواب
stem:جَواب
stem:جَواب
stem:جَواب
stem:جَواب
stem:جَواب
stem:جَواب
stem:جَواب
stem:جَواب
stem:جَواب
stem:جَواب
stem:جَواب
stem:جَواب
stem:جَواب
stem:جَواب

#WORD: السؤال
stem:سُؤال
stem:سُؤال
stem:سُؤال
stem:سُؤال

#WORD: 35:


#WORD: ما
stem:ما
stem:ما
stem:ما
stem:ما
stem:ما
stem:ما
stem:ما
stem:ما

#WORD: هي
stem:هِيَ

#WORD: اللغات
stem:لُغ
stem:لُغ
stem:لُغ
stem:لُغ

#WORD: التي
stem:الَّتِي
stem:آل
stem:آل
stem:آل
stem:آل
stem:آل

#WORD: ترغب
stem:رَغِب
stem:رْغَب
stem:رْغَب
stem:رْغَب
stem:رْغَب
stem:رْغَب
stem:رْغَب
stem:رَغَب
stem:رَغَب
stem:رَغَب
stem:رَغَب
stem:رَغَب
stem:رَغَب

#WORD: في
stem:فِي
stem:فِي
stem:فِي
stem:ي
stem:ي
stem:ي
stem:ي

#WORD: أن
stem:أَنْ
stem:أَنَّ
stem:إِنْ
stem:إِنَّ
stem:أَنّ
stem:آن
stem:آن
stem:آن
stem:آن
stem:آن
stem:آن
stem:آن
stem:إِن
stem:نِ

#WORD: تتكلمها؟
stem:تتكلمها؟
stem:تكلمها؟

#WORD: ليس
stem:لَيْس
stem:لَيْسَ
stem:لَيِس
stem:لِيس
stem:لِيس
stem:لِيس
stem:لِيس
stem:لِيس
stem:لِيس
stem:لِيس
stem:لِيس
stem:لِيس
stem:لِيس
stem:لِيس
stem:لِيس

#WORD: لدي
stem:لَدَى
stem:لَدَي
stem:لِدّ
stem:لُدّ
stem:لِد
stem:لِد
stem:لِد
stem:لِد
stem:لِد

#WORD: جواب
stem:جَواب
stem:جَواب
stem:جَواب
stem:جَواب
stem:جَواب
stem:جَواب
stem:جَواب
stem:جَواب
stem:جَواب
stem:جَواب
stem:جَواب
stem:جَواب
stem:جَواب
stem:جَواب
stem:جَواب

#WORD: السؤال
stem:سُؤال
stem:سُؤال
stem:سُؤال
stem:سُؤال

#WORD: 36:


#WORD: ما
stem:ما
stem:ما
stem:ما
stem:ما
stem:ما
stem:ما
stem:ما
stem:ما

#WORD: هي
stem:هِيَ

#WORD: أنواع
stem:أَنْواع
stem:أَنْواع
stem:أَنْواع
stem:أَنْواع
stem:أَنْواع
stem:أَنْواع

#WORD: الأشياء
stem:أَشْياء
stem:أَشْياء
stem:أَشْياء
stem:أَشْياء

#WORD: التي
stem:الَّتِي
stem:آل
stem:آل
stem:آل
stem:آل
stem:آل

#WORD: تحب
stem:حَبّ
stem:حِبّ
stem:حِبّ
stem:حِبّ
stem:حِبّ
stem:حِبّ
stem:حِبّ
stem:حِبّ
stem:حِبّ
stem:حِبّ
stem:حِبّ
stem:حِبّ
stem:حِبّ
stem:حُبّ
stem:حُبّ
stem:حُبّ
stem:حُبّ
stem:حُبّ
stem:حُبّ
stem:حَبّ
stem:حَبّ
stem:حَبّ
stem:حَبّ
stem:حَبّ
stem:حَبّ
stem:حْبُ
stem:حْبُ
stem:حْبَ
stem:حْبَ

#WORD: طهيها
stem:طهيها

#WORD: أ
stem:أَ
stem:آ
stem:إِ
stem:أَ
stem:أَ

#WORD: وتعرف
stem:تَعَرَّف
stem:تَعَرَّف
stem:تَعَرَّف
stem:تَعَرَّف
stem:تَعَرَّف
stem:تَعَرَّف
stem:تَعَرَّف
stem:تَعَرَّف
stem:تَعَرُّف
stem:تَعَرُّف
stem:تَعَرُّف
stem:تَعَرُّف
stem:تَعَرُّف
stem:تَعَرُّف
stem:تَعَرُّف
stem:تَعَرُّف
stem:تَعَرُّف
stem:تَعَرُّف
stem:تَعَرُّف
stem:تَعَرُّف
stem:تَعَرُّف
stem:تَعَرُّف
stem:تَعَرُّف
stem:تَعَرُّف
stem:تَعَرُّف
stem:تَعَرُّف
stem:تَعَرُّف
stem:تَعَرُّف
stem:تَعَرُّف
stem:تَعَرُّف
stem:تَعَرُّف
stem:تَعَرُّف
stem:عْرِف
stem:عْرِف
stem:عْرِف
stem:عْرِف
stem:عْرِف
stem:عْرِف
stem:عْرِف
stem:عْرِف
stem:عْرِف
stem:عْرِف
stem:عْرِف
stem:عْرِف
stem:عْرَف
stem:عْرَف
stem:عْرَف
stem:عْرَف
stem:عْرَف
stem:عْرَف
stem:عْرَف
stem:عْرَف
stem:عْرَف
stem:عْرَف
stem:عْرَف
stem:عْرَف
stem:عَرِّف
stem:عَرِّف
stem:عَرِّف
stem:عَرِّف
stem:عَرِّف
stem:عَرِّف
stem:عَرِّف
stem:عَرِّف
stem:عَرِّف
stem:عَرِّف
stem:عَرِّف
stem:عَرِّف
stem:عَرَّف
stem:عَرَّف
stem:عَرَّف
stem:عَرَّف
stem:عَرَّف
stem:عَرَّف
stem:عَرَّف
stem:عَرَّف
stem:عَرَّف
stem:عَرَّف
stem:عَرَّف
stem:عَرَّف

#WORD: كيف
stem:كَيْفَ
stem:كَيْفَ
stem:كَيْف
stem:كَيْف
stem:كَيْف
stem:كَيْف
stem:كَيْف
stem:كَيْف

#WORD: تطبخها
stem:طَبَخ
stem:طْبُخ
stem:طْبُخ
stem:طْبُخ
stem:طْبُخ
stem:طْبُخ
stem:طْبُخ
stem:طْبَخ
stem:طْبَخ
stem:طْبَخ
stem:طْبَخ
stem:طْبَخ
stem:طْبَخ
stem:طَبْخ
stem:طَبْخ
stem:طَبْخ

#WORD: ؟
stem:؟

#WORD: ليس
stem:لَيْس
stem:لَيْسَ
stem:لَيِس
stem:لِيس
stem:لِيس
stem:لِيس
stem:لِيس
stem:لِيس
stem:لِيس
stem:لِيس
stem:لِيس
stem:لِيس
stem:لِيس
stem:لِيس
stem:لِيس

#WORD: لدي
stem:لَدَى
stem:لَدَي
stem:لِدّ
stem:لُدّ
stem:لِد
stem:لِد
stem:لِد
stem:لِد
stem:لِد

#WORD: جواب
stem:جَواب
stem:جَواب
stem:جَواب
stem:جَواب
stem:جَواب
stem:جَواب
stem:جَواب
stem:جَواب
stem:جَواب
stem:جَواب
stem:جَواب
stem:جَواب
stem:جَواب
stem:جَواب
stem:جَواب

#WORD: السؤال
stem:سُؤال
stem:سُؤال
stem:سُؤال
stem:سُؤال

#WORD: 37:


#WORD: إذا
stem:إِذا
stem:إِذاً
stem:أَذا
stem:إِذا

#WORD: كان
stem:كَأَنَّ
stem:كَأَنْ
stem:كان
stem:آن
stem:آن
stem:آن

#WORD: بإمكانك
stem:إِمْكان
stem:إِمْكان
stem:إِمْكان
stem:إِمْكان

#WORD: 
NO_ANALYSIS

#WORD: اختراق
stem:ٱِخْتِراق
stem:ٱِخْتِراق
stem:ٱِخْتِراق
stem:ٱِخْتِراق
stem:ٱِخْتِراق
stem:ٱِخْتِراق

#WORD: أي
stem:أَيْ
stem:أَيْ
stem:أَيّ
stem:أَيّ
stem:أَيّ
stem:أَيّ
stem:أَيّ
stem:أَيّ
stem:أَيّ
stem:أَيّ
stem:أَيّ
stem:أَيّ
stem:أَيّ
stem:أَيّ
stem:أَيّ
stem:أَيّ
stem:أَيّ
stem:أَيّ
stem:أَيّ
stem:أَيّ
stem:إِي
stem:أَي
stem:أَي
stem:آي
stem:آي

#WORD: جهاز
stem:جِهاز
stem:جِهاز
stem:جِهاز
stem:جِهاز
stem:جِهاز
stem:جِهاز
stem:جِهاز
stem:جِهاز
stem:جِهاز
stem:جِهاز
stem:جِهاز
stem:جِهاز

#WORD: كمبيوتر،
stem:كمبيوتر،
stem:مبيوتر،

#WORD: أي
stem:أَيْ
stem:أَيْ
stem:أَيّ
stem:أَيّ
stem:أَيّ
stem:أَيّ
stem:أَيّ
stem:أَيّ
stem:أَيّ
stem:أَيّ
stem:أَيّ
stem:أَيّ
stem:أَيّ
stem:أَيّ
stem:أَيّ
stem:أَيّ
stem:أَيّ
stem:أَيّ
stem:أَيّ
stem:أَيّ
stem:إِي
stem:أَي
stem:أَي
stem:آي
stem:آي

#WORD: كمبيوتر
stem:كَمْبِيُوتِر
stem:كَمْبِيُوتِر
stem:كَمْبِيُوتِر
stem:كَمْبِيُوتِر
stem:كَمْبِيُوتِر
stem:كَمْبِيُوتِر

#WORD: سوف
stem:سَوْفَ
stem:سَوَّف

#WORD: تختار؟
stem:تختار؟
stem:ختار؟

#WORD: ليس
stem:لَيْس
stem:لَيْسَ
stem:لَيِس
stem:لِيس
stem:لِيس
stem:لِيس
stem:لِيس
stem:لِيس
stem:لِيس
stem:لِيس
stem:لِيس
stem:لِيس
stem:لِيس
stem:لِيس
stem:لِيس

#WORD: لدي
stem:لَدَى
stem:لَدَي
stem:لِدّ
stem:لُدّ
stem:لِد
stem:لِد
stem:لِد
stem:لِد
stem:لِد

#WORD: جواب
stem:جَواب
stem:جَواب
stem:جَواب
stem:جَواب
stem:جَواب
stem:جَواب
stem:جَواب
stem:جَواب
stem:جَواب
stem:جَواب
stem:جَواب
stem:جَواب
stem:جَواب
stem:جَواب
stem:جَواب

#WORD: السؤال
stem:سُؤال
stem:سُؤال
stem:سُؤال
stem:سُؤال

#WORD: 38:


#WORD: إلى
stem:آلَى
stem:إِلَى
stem:إِلَي
stem:آلِيّ
stem:آلِيّ
stem:آلِيّ
stem:آلِيّ
stem:آلِيّ
stem:آلِيّ
stem:آل
stem:لِي
stem:لِي

#WORD: أين
stem:أَيْنَ
stem:أَيَّن
stem:أَيَّن
stem:أَيْنَ

#WORD: تريد
stem:رِيد
stem:رِيد
stem:رِيد
stem:رِيد

#WORD: السفر؟
stem:السفر؟
stem:سفر؟

#WORD: ليس
stem:لَيْس
stem:لَيْسَ
stem:لَيِس
stem:لِيس
stem:لِيس
stem:لِيس
stem:لِيس
stem:لِيس
stem:لِيس
stem:لِيس
stem:لِيس
stem:لِيس
stem:لِيس
stem:لِيس
stem:لِيس

#WORD: لدي
stem:لَدَى
stem:لَدَي
stem:لِدّ
stem:لُدّ
stem:لِد
stem:لِد
stem:لِد
stem:لِد
stem:لِد

#WORD: جواب
stem:جَواب
stem:جَواب
stem:جَواب
stem:جَواب
stem:جَواب
stem:جَواب
stem:جَواب
stem:جَواب
stem:جَواب
stem:جَواب
stem:جَواب
stem:جَواب
stem:جَواب
stem:جَواب
stem:جَواب

#WORD: السؤال
stem:سُؤال
stem:سُؤال
stem:سُؤال
stem:سُؤال

#WORD: 39:


#WORD: من
stem:مِن
stem:مِن
stem:مَنْ
stem:مَنْ
stem:مَنّ
stem:مَنّ
stem:مَنّ
stem:مَنّ
stem:مَنّ
stem:مَنّ
stem:مَنّ

#WORD: ملهمك؟
stem:ملهمك؟

#WORD: ليس
stem:لَيْس
stem:لَيْسَ
stem:لَيِس
stem:لِيس
stem:لِيس
stem:لِيس
stem:لِيس
stem:لِيس
stem:لِيس
stem:لِيس
stem:لِيس
stem:لِيس
stem:لِيس
stem:لِيس
stem:لِيس

#WORD: لدي
stem:لَدَى
stem:لَدَي
stem:لِدّ
stem:لُدّ
stem:لِد
stem:لِد
stem:لِد
stem:لِد
stem:لِد

#WORD: جواب
stem:جَواب
stem:جَواب
stem:جَواب
stem:جَواب
stem:جَواب
stem:جَواب
stem:جَواب
stem:جَواب
stem:جَواب
stem:جَواب
stem:جَواب
stem:جَواب
stem:جَواب
stem:جَواب
stem:جَواب

#WORD: السؤال
stem:سُؤال
stem:سُؤال
stem:سُؤال
stem:سُؤال

#WORD: 40:


#WORD: من
stem:مِن
stem:مِن
stem:مَنْ
stem:مَنْ
stem:مَنّ
stem:مَنّ
stem:مَنّ
stem:مَنّ
stem:مَنّ
stem:مَنّ
stem:مَنّ

#WORD: هو
stem:هُوَ
stem:هُو

#WORD: بطلك؟
stem:بطلك؟
stem:طلك؟
stem:طلك؟

#WORD: ليس
stem:لَيْس
stem:لَيْسَ
stem:لَيِس
stem:لِيس
stem:لِيس
stem:لِيس
stem:لِيس
stem:لِيس
stem:لِيس
stem:لِيس
stem:لِيس
stem:لِيس
stem:لِيس
stem:لِيس
stem:لِيس

#WORD: لدي
stem:لَدَى
stem:لَدَي
stem:لِدّ
stem:لُدّ
stem:لِد
stem:لِد
stem:لِد
stem:لِد
stem:لِد

#WORD: جواب
stem:جَواب
stem:جَواب
stem:جَواب
stem:جَواب
stem:جَواب
stem:جَواب
stem:جَواب
stem:جَواب
stem:جَواب
stem:جَواب
stem:جَواب
stem:جَواب
stem:جَواب
stem:جَواب
stem:جَواب

#WORD: السؤال
stem:سُؤال
stem:سُؤال
stem:سُؤال
stem:سُؤال

#WORD: 41:


#WORD: ماذا
stem:ماذا
stem:ماذا

#WORD: تفعل
stem:فَعَل
stem:فْعَل
stem:فْعَل
stem:فْعَل
stem:فْعَل
stem:فْعَل
stem:فْعَل
stem:فِعْل
stem:فِعْل
stem:فِعْل
stem:فِعْل
stem:فِعْل
stem:فِعْل
stem:فِعْل
stem:فِعْل
stem:فِعْل
stem:فِعْل
stem:فِعْل
stem:فِعْل
stem:فِعْل
stem:فِعْل
stem:فِعْل
stem:فِعْل
stem:فِعْل
stem:فِعْل

#WORD: عادة
stem:عاد
stem:عاد
stem:عاد
stem:عاد
stem:عاد
stem:عاد
stem:عاد
stem:عاد
stem:عاد

#WORD: في
stem:فِي
stem:فِي
stem:فِي
stem:ي
stem:ي
stem:ي
stem:ي

#WORD: عطلة
stem:عَطَّل
stem:عَطَل
stem:عَطَل
stem:عَطَل
stem:عُطْل
stem:عُطْل
stem:عُطْل
stem:عُطْل
stem:عُطْل
stem:عُطْل
stem:عُطْل
stem:عُطْل
stem:عُطْل
stem:عُطْل
stem:عُطَل
stem:عُطَل
stem:عُطَل

#WORD: نهاية
stem:نِهاي
stem:نِهاي
stem:نِهاي
stem:نِهاي
stem:نِهاي
stem:نِهاي
stem:نِهاي
stem:نِهاي

#WORD: الأسبوع؟
stem:الاسبوع؟
stem:اسبوع؟

#WORD: ليس
stem:لَيْس
stem:لَيْسَ
stem:لَيِس
stem:لِيس
stem:لِيس
stem:لِيس
stem:لِيس
stem:لِيس
stem:لِيس
stem:لِيس
stem:لِيس
stem:لِيس
stem:لِيس
stem:لِيس
stem:لِيس

#WORD: لدي
stem:لَدَى
stem:لَدَي
stem:لِدّ
stem:لُدّ
stem:لِد
stem:لِد
stem:لِد
stem:لِد
stem:لِد

#WORD: جواب
stem:جَواب
stem:جَواب
stem:جَواب
stem:جَواب
stem:جَواب
stem:جَواب
stem:جَواب
stem:جَواب
stem:جَواب
stem:جَواب
stem:جَواب
stem:جَواب
stem:جَواب
stem:جَواب
stem:جَواب

#WORD: السؤال
stem:سُؤال
stem:سُؤال
stem:سُؤال
stem:سُؤال

#WORD: 42:


#WORD: ما
stem:ما
stem:ما
stem:ما
stem:ما
stem:ما
stem:ما
stem:ما
stem:ما

#WORD: هي
stem:هِيَ

#WORD: بعض
stem:بَعَّض
stem:بَعْض
stem:بَعْض
stem:بَعْض
stem:بَعْض
stem:بَعْض
stem:بَعْض
stem:عَضّ
stem:عَضّ
stem:عَضّ
stem:عَضّ
stem:عَضّ
stem:عَضّ

#WORD: هواياتك؟
stem:هواياتك؟

#WORD: ليس
stem:لَيْس
stem:لَيْسَ
stem:لَيِس
stem:لِيس
stem:لِيس
stem:لِيس
stem:لِيس
stem:لِيس
stem:لِيس
stem:لِيس
stem:لِيس
stem:لِيس
stem:لِيس
stem:لِيس
stem:لِيس

#WORD: لدي
stem:لَدَى
stem:لَدَي
stem:لِدّ
stem:لُدّ
stem:لِد
stem:لِد
stem:لِد
stem:لِد
stem:لِد

#WORD: جواب
stem:جَواب
stem:جَواب
stem:جَواب
stem:جَواب
stem:جَواب
stem:جَواب
stem:جَواب
stem:جَواب
stem:جَواب
stem:جَواب
stem:جَواب
stem:جَواب
stem:جَواب
stem:جَواب
stem:جَواب

#WORD: السؤال
stem:سُؤال
stem:سُؤال
stem:سُؤال
stem:سُؤال

#WORD: 43:


#WORD: ما
stem:ما
stem:ما
stem:ما
stem:ما
stem:ما
stem:ما
stem:ما
stem:ما

#WORD: هي
stem:هِيَ

#WORD: آخر
stem:آخَر
stem:آخَر
stem:آخَر
stem:آخَر
stem:آخَر
stem:آخَر
stem:آخِر
stem:آخِر
stem:آخِر
stem:آخِر
stem:آخِر
stem:آخِر
stem:أَخَّر
stem:خِرّ
stem:خِرّ
stem:خِرّ
stem:خُرّ
stem:خُرّ
stem:خُرّ
stem:خُر
stem:خِر

#WORD: مدينة
stem:مَدِين
stem:مَدِين
stem:مَدِين
stem:مَدِين
stem:مَدِين
stem:مَدِين
stem:مَدِين
stem:مَدِين
stem:مَدِين
stem:مَدِين
stem:مُدِين
stem:مُدِين
stem:مُدِين
stem:مُدِين
stem:مُدِين
stem:مُدِين
stem:مُدِين
stem:مُدِين
stem:مُدِين
stem:مُدِين
stem:مُدِين
stem:مُدِين
stem:مُدِين
stem:مُدِين
stem:مُدِين
stem:مُدِين
stem:مُدِين
stem:مُدِين
stem:مُدِين
stem:مُدِين
stem:مَدِين
stem:مَدِين
stem:مَدِين
stem:مَدِين
stem:مَدِين
stem:مَدِين
stem:مَدِين
stem:مَدِين
stem:مَدِين
stem:مَدِين
stem:مَدِين
stem:مَدِين
stem:مَدِين
stem:مَدِين
stem:مَدِين
stem:مَدِين
stem:مَدِين
stem:مَدِين
stem:مَدِين
stem:مَدِين
stem:مَدِين

#WORD: قمت
stem:قَمّ
stem:قُم
stem:قُم
stem:قُم
stem:قُم
stem:قُم
stem:قُم

#WORD: بزيارتها؟
stem:بزيارتها؟
stem:زيارتها؟
stem:زيارتها؟

#WORD: ليس
stem:لَيْس
stem:لَيْسَ
stem:لَيِس
stem:لِيس
stem:لِيس
stem:لِيس
stem:لِيس
stem:لِيس
stem:لِيس
stem:لِيس
stem:لِيس
stem:لِيس
stem:لِيس
stem:لِيس
stem:لِيس

#WORD: لدي
stem:لَدَى
stem:لَدَي
stem:لِدّ
stem:لُدّ
stem:لِد
stem:لِد
stem:لِد
stem:لِد
stem:لِد

#WORD: جواب
stem:جَواب
stem:جَواب
stem:جَواب
stem:جَواب
stem:جَواب
stem:جَواب
stem:جَواب
stem:جَواب
stem:جَواب
stem:جَواب
stem:جَواب
stem:جَواب
stem:جَواب
stem:جَواب
stem:جَواب

#WORD: السؤال
stem:سُؤال
stem:سُؤال
stem:سُؤال
stem:سُؤال

#WORD: 44:


#WORD: ما
stem:ما
stem:ما
stem:ما
stem:ما
stem:ما
stem:ما
stem:ما
stem:ما

#WORD: هو
stem:هُوَ
stem:هُو

#WORD: طعامك
stem:طَعام
stem:طَعام
stem:طَعام
stem:طَعام
stem:طَعام
stem:طَعام

#WORD: المفضل؟
stem:المفضل؟
stem:مفضل؟

#WORD: ليس
stem:لَيْس
stem:لَيْسَ
stem:لَيِس
stem:لِيس
stem:لِيس
stem:لِيس
stem:لِيس
stem:لِيس
stem:لِيس
stem:لِيس
stem:لِيس
stem:لِيس
stem:لِيس
stem:لِيس
stem:لِيس

#WORD: لدي
stem:لَدَى
stem:لَدَي
stem:لِدّ
stem:لُدّ
stem:لِد
stem:لِد
stem:لِد
stem:لِد
stem:لِد

#WORD: جواب
stem:جَواب
stem:جَواب
stem:جَواب
stem:جَواب
stem:جَواب
stem:جَواب
stem:جَواب
stem:جَواب
stem:جَواب
stem:جَواب
stem:جَواب
stem:جَواب
stem:جَواب
stem:جَواب
stem:جَواب

#WORD: السؤال
stem:سُؤال
stem:سُؤال
stem:سُؤال
stem:سُؤال

#WORD: 45:


#WORD: هل
stem:هَلْ
stem:هَلّ

#WORD: تحب
stem:حَبّ
stem:حِبّ
stem:حِبّ
stem:حِبّ
stem:حِبّ
stem:حِبّ
stem:حِبّ
stem:حِبّ
stem:حِبّ
stem:حِبّ
stem:حِبّ
stem:حِبّ
stem:حِبّ
stem:حُبّ
stem:حُبّ
stem:حُبّ
stem:حُبّ
stem:حُبّ
stem:حُبّ
stem:حَبّ
stem:حَبّ
stem:حَبّ
stem:حَبّ
stem:حَبّ
stem:حَبّ
stem:حْبُ
stem:حْبُ
stem:حْبَ
stem:حْبَ

#WORD: الطقس
stem:طَقْس
stem:طَقْس
stem:طَقْس
stem:طَقْس
stem:طَقْس
stem:طَقْس
stem:طَقْس
stem:طَقْس

#WORD: في
stem:فِي
stem:فِي
stem:فِي
stem:ي
stem:ي
stem:ي
stem:ي

#WORD: أبو
stem:أَبُو
stem:أَبُو
stem:آب

#WORD: ظبي؟
stem:ظبي؟

#WORD: ليس
stem:لَيْس
stem:لَيْسَ
stem:لَيِس
stem:لِيس
stem:لِيس
stem:لِيس
stem:لِيس
stem:لِيس
stem:لِيس
stem:لِيس
stem:لِيس
stem:لِيس
stem:لِيس
stem:لِيس
stem:لِيس

#WORD: لدي
stem:لَدَى
stem:لَدَي
stem:لِدّ
stem:لُدّ
stem:لِد
stem:لِد
stem:لِد
stem:لِد
stem:لِد

#WORD: جواب
stem:جَواب
stem:جَواب
stem:جَواب
stem:جَواب
stem:جَواب
stem:جَواب
stem:جَواب
stem:جَواب
stem:جَواب
stem:جَواب
stem:جَواب
stem:جَواب
stem:جَواب
stem:جَواب
stem:جَواب

#WORD: السؤال
stem:سُؤال
stem:سُؤال
stem:سُؤال
stem:سُؤال

#WORD: 46:


#WORD: ما
stem:ما
stem:ما
stem:ما
stem:ما
stem:ما
stem:ما
stem:ما
stem:ما

#WORD: هو
stem:هُوَ
stem:هُو

#WORD: الموسم
stem:مَوْسِم
stem:مَوْسِم
stem:مَوْسِم
stem:مَوْسِم

#WORD: المفضل
stem:مِفْضَل
stem:مِفْضَل
stem:مِفْضَل
stem:مِفْضَل
stem:مُفَضَّل
stem:مُفَضَّل
stem:مُفَضَّل
stem:مُفَضَّل

#WORD: لديك؟
stem:لديك؟
stem:ديك؟
stem:ديك؟
stem:ديك؟

#WORD: ليس
stem:لَيْس
stem:لَيْسَ
stem:لَيِس
stem:لِيس
stem:لِيس
stem:لِيس
stem:لِيس
stem:لِيس
stem:لِيس
stem:لِيس
stem:لِيس
stem:لِيس
stem:لِيس
stem:لِيس
stem:لِيس

#WORD: لدي
stem:لَدَى
stem:لَدَي
stem:لِدّ
stem:لُدّ
stem:لِد
stem:لِد
stem:لِد
stem:لِد
stem:لِد

#WORD: جواب
stem:جَواب
stem:جَواب
stem:جَواب
stem:جَواب
stem:جَواب
stem:جَواب
stem:جَواب
stem:جَواب
stem:جَواب
stem:جَواب
stem:جَواب
stem:جَواب
stem:جَواب
stem:جَواب
stem:جَواب

#WORD: السؤال
stem:سُؤال
stem:سُؤال
stem:سُؤال
stem:سُؤال

#WORD: 47:


#WORD: ما
stem:ما
stem:ما
stem:ما
stem:ما
stem:ما
stem:ما
stem:ما
stem:ما

#WORD: هي
stem:هِيَ

#WORD: أسماء
stem:أَسْماء
stem:أَسْماء
stem:أَسْماء
stem:أَسْماء
stem:أَسْماء
stem:أَسْماء
stem:أَسْماء
stem:أَسْماء

#WORD: الكلاب
stem:كِلاب
stem:كِلاب
stem:كِلاب
stem:كِلاب
stem:كُلّاب
stem:كُلّاب
stem:كُلّاب
stem:كُلّاب

#WORD: الخاصة
stem:خاصّ
stem:خاصّ
stem:خاصّ
stem:خاصّ
stem:خاصّ
stem:خاصّ
stem:خاصّ
stem:خاصّ
stem:خاصّ
stem:خاصّ
stem:خاصّ
stem:خاصّ
stem:خاصّ
stem:خاصّ
stem:خاصّ
stem:خاصّ
stem:خاصّ
stem:خاصّ
stem:خاصّ
stem:خاصّ
stem:خاصّ
stem:خاصّ
stem:خاصّ
stem:خاصّ

#WORD: بك؟
stem:بك؟
stem:ك؟
stem:ك؟

#WORD: ليس
stem:لَيْس
stem:لَيْسَ
stem:لَيِس
stem:لِيس
stem:لِيس
stem:لِيس
stem:لِيس
stem:لِيس
stem:لِيس
stem:لِيس
stem:لِيس
stem:لِيس
stem:لِيس
stem:لِيس
stem:لِيس

#WORD: لدي
stem:لَدَى
stem:لَدَي
stem:لِدّ
stem:لُدّ
stem:لِد
stem:لِد
stem:لِد
stem:لِد
stem:لِد

#WORD: جواب
stem:جَواب
stem:جَواب
stem:جَواب
stem:جَواب
stem:جَواب
stem:جَواب
stem:جَواب
stem:جَواب
stem:جَواب
stem:جَواب
stem:جَواب
stem:جَواب
stem:جَواب
stem:جَواب
stem:جَواب

#WORD: السؤال
stem:سُؤال
stem:سُؤال
stem:سُؤال
stem:سُؤال

#WORD: 48:


#WORD: هل
stem:هَلْ
stem:هَلّ

#WORD: تحب
stem:حَبّ
stem:حِبّ
stem:حِبّ
stem:حِبّ
stem:حِبّ
stem:حِبّ
stem:حِبّ
stem:حِبّ
stem:حِبّ
stem:حِبّ
stem:حِبّ
stem:حِبّ
stem:حِبّ
stem:حُبّ
stem:حُبّ
stem:حُبّ
stem:حُبّ
stem:حُبّ
stem:حُبّ
stem:حَبّ
stem:حَبّ
stem:حَبّ
stem:حَبّ
stem:حَبّ
stem:حَبّ
stem:حْبُ
stem:حْبُ
stem:حْبَ
stem:حْبَ

#WORD: القهوة؟
stem:القهوه؟
stem:قهوه؟

#WORD: ليس
stem:لَيْس
stem:لَيْسَ
stem:لَيِس
stem:لِيس
stem:لِيس
stem:لِيس
stem:لِيس
stem:لِيس
stem:لِيس
stem:لِيس
stem:لِيس
stem:لِيس
stem:لِيس
stem:لِيس
stem:لِيس

#WORD: لدي
stem:لَدَى
stem:لَدَي
stem:لِدّ
stem:لُدّ
stem:لِد
stem:لِد
stem:لِد
stem:لِد
stem:لِد

#WORD: جواب
stem:جَواب
stem:جَواب
stem:جَواب
stem:جَواب
stem:جَواب
stem:جَواب
stem:جَواب
stem:جَواب
stem:جَواب
stem:جَواب
stem:جَواب
stem:جَواب
stem:جَواب
stem:جَواب
stem:جَواب

#WORD: السؤال
stem:سُؤال
stem:سُؤال
stem:سُؤال
stem:سُؤال

#WORD: 49:


#WORD: كيف
stem:كَيْفَ
stem:كَيْفَ
stem:كَيْف
stem:كَيْف
stem:كَيْف
stem:كَيْف
stem:كَيْف
stem:كَيْف

#WORD: كان
stem:كَأَنَّ
stem:كَأَنْ
stem:كان
stem:آن
stem:آن
stem:آن

#WORD: الصيف؟
stem:الصيف؟
stem:صيف؟

#WORD: ليس
stem:لَيْس
stem:لَيْسَ
stem:لَيِس
stem:لِيس
stem:لِيس
stem:لِيس
stem:لِيس
stem:لِيس
stem:لِيس
stem:لِيس
stem:لِيس
stem:لِيس
stem:لِيس
stem:لِيس
stem:لِيس

#WORD: لدي
stem:لَدَى
stem:لَدَي
stem:لِدّ
stem:لُدّ
stem:لِد
stem:لِد
stem:لِد
stem:لِد
stem:لِد

#WORD: جواب
stem:جَواب
stem:جَواب
stem:جَواب
stem:جَواب
stem:جَواب
stem:جَواب
stem:جَواب
stem:جَواب
stem:جَواب
stem:جَواب
stem:جَواب
stem:جَواب
stem:جَواب
stem:جَواب
stem:جَواب

#WORD: السؤال
stem:سُؤال
stem:سُؤال
stem:سُؤال
stem:سُؤال

#WORD: 50:


#WORD: ما
stem:ما
stem:ما
stem:ما
stem:ما
stem:ما
stem:ما
stem:ما
stem:ما

#WORD: هي
stem:هِيَ

#WORD: أغنيتك
stem:أَغْنَي
stem:أَغْنَي
stem:أُغْنِي
stem:أُغْنِي
stem:أُغْنِي
stem:أُغْنِي
stem:أُغْنِي
stem:أُغْنِي
stem:أُغْنِيّ
stem:أُغْنِيّ
stem:أُغْنِيّ
stem:أُغْنِيّ
stem:أُغْنِيّ
stem:أُغْنِيّ

#WORD: المفضلة؟
stem:المفضله؟
stem:مفضله؟

#WORD: ليس
stem:لَيْس
stem:لَيْسَ
stem:لَيِس
stem:لِيس
stem:لِيس
stem:لِيس
stem:لِيس
stem:لِيس
stem:لِيس
stem:لِيس
stem:لِيس
stem:لِيس
stem:لِيس
stem:لِيس
stem:لِيس

#WORD: لدي
stem:لَدَى
stem:لَدَي
stem:لِدّ
stem:لُدّ
stem:لِد
stem:لِد
stem:لِد
stem:لِد
stem:لِد

#WORD: جواب
stem:جَواب
stem:جَواب
stem:جَواب
stem:جَواب
stem:جَواب
stem:جَواب
stem:جَواب
stem:جَواب
stem:جَواب
stem:جَواب
stem:جَواب
stem:جَواب
stem:جَواب
stem:جَواب
stem:جَواب

#WORD: السؤال
stem:سُؤال
stem:سُؤال
stem:سُؤال
stem:سُؤال

#WORD: 51:


#WORD: كيف
stem:كَيْفَ
stem:كَيْفَ
stem:كَيْف
stem:كَيْف
stem:كَيْف
stem:كَيْف
stem:كَيْف
stem:كَيْف

#WORD: تقضي
stem:تَقَضَّى
stem:قَضَى
stem:قْضِي
stem:قْضِي
stem:قْضِي
stem:قْضِي
stem:قُضِي
stem:قْضَى
stem:قْضَى
stem:قْضَى
stem:قْضَى
stem:قَضَّى
stem:قَضِّي
stem:قَضِّي
stem:قَضِّي
stem:قَضِّي
stem:قَضَّى
stem:قَضَّى
stem:قَضَّى
stem:قَضَّى
stem:قَضَى
stem:قَضى
stem:قَضى
stem:قَضى
stem:قُضّ
stem:قَضّ
stem:قِضّ
stem:قَضّ
stem:قْض
stem:قَضّ
stem:قَضّ

#WORD: معظم
stem:مُعَظَّم
stem:مُعَظَّم
stem:مُعَظَّم
stem:مُعَظَّم
stem:مُعَظَّم
stem:مُعَظَّم
stem:مُعَظَّم
stem:مُعَظَّم
stem:مُعَظَّم
stem:مُعَظَّم
stem:مُعَظَّم
stem:مُعَظَّم
stem:مُعْظَم
stem:مُعْظَم
stem:مُعْظَم
stem:مُعْظَم
stem:مُعْظَم
stem:مُعْظَم

#WORD: وقتك؟
stem:وقتك؟
stem:قتك؟
stem:قتك؟
stem:قتك؟
stem:قتك؟

#WORD: ليس
stem:لَيْس
stem:لَيْسَ
stem:لَيِس
stem:لِيس
stem:لِيس
stem:لِيس
stem:لِيس
stem:لِيس
stem:لِيس
stem:لِيس
stem:لِيس
stem:لِيس
stem:لِيس
stem:لِيس
stem:لِيس

#WORD: لدي
stem:لَدَى
stem:لَدَي
stem:لِدّ
stem:لُدّ
stem:لِد
stem:لِد
stem:لِد
stem:لِد
stem:لِد

#WORD: جواب
stem:جَواب
stem:جَواب
stem:جَواب
stem:جَواب
stem:جَواب
stem:جَواب
stem:جَواب
stem:جَواب
stem:جَواب
stem:جَواب
stem:جَواب
stem:جَواب
stem:جَواب
stem:جَواب
stem:جَواب

#WORD: السؤال
stem:سُؤال
stem:سُؤال
stem:سُؤال
stem:سُؤال

#WORD: 52:


#WORD: 
NO_ANALYSIS

#WORD: صف
stem:صَفّ
stem:صَفّ
stem:صَفّ
stem:صَفّ
stem:صَفّ
stem:صَفّ
stem:صَفّ

#WORD: يومك
stem:يَوْم
stem:يَوْم
stem:يَوْم
stem:يَوْم
stem:يَوْم
stem:يَوْم
stem:يَوْم
stem:يَوْم
stem:يَوْم
stem:يَوْم
stem:يَوْم
stem:يَوْم
stem:يَوْم
stem:يَوْم
stem:يَوْم
stem:يَوْم
stem:يَوْم
stem:يَوْم

#WORD: المثالي؟
stem:المثالي؟
stem:مثالي؟

#WORD: ليس
stem:لَيْس
stem:لَيْسَ
stem:لَيِس
stem:لِيس
stem:لِيس
stem:لِيس
stem:لِيس
stem:لِيس
stem:لِيس
stem:لِيس
stem:لِيس
stem:لِيس
stem:لِيس
stem:لِيس
stem:لِيس

#WORD: لدي
stem:لَدَى
stem:لَدَي
stem:لِدّ
stem:لُدّ
stem:لِد
stem:لِد
stem:لِد
stem:لِد
stem:لِد

#WORD: جواب
stem:جَواب
stem:جَواب
stem:جَواب
stem:جَواب
stem:جَواب
stem:جَواب
stem:جَواب
stem:جَواب
stem:جَواب
stem:جَواب
stem:جَواب
stem:جَواب
stem:جَواب
stem:جَواب
stem:جَواب

#WORD: السؤال
stem:سُؤال
stem:سُؤال
stem:سُؤال
stem:سُؤال

#WORD: 53:


#WORD: من
stem:مِن
stem:مِن
stem:مَنْ
stem:مَنْ
stem:مَنّ
stem:مَنّ
stem:مَنّ
stem:مَنّ
stem:مَنّ
stem:مَنّ
stem:مَنّ

#WORD: هو
stem:هُوَ
stem:هُو

#WORD: نموذجك
stem:نَمُوذَج
stem:نَمُوذَج
stem:نَمُوذَج
stem:نَمُوذَج
stem:نَمُوذَج
stem:نَمُوذَج

#WORD: في
stem:فِي
stem:فِي
stem:فِي
stem:ي
stem:ي
stem:ي
stem:ي

#WORD: الحياة؟
stem:الحياه؟
stem:حياه؟

#WORD: ليس
stem:لَيْس
stem:لَيْسَ
stem:لَيِس
stem:لِيس
stem:لِيس
stem:لِيس
stem:لِيس
stem:لِيس
stem:لِيس
stem:لِيس
stem:لِيس
stem:لِيس
stem:لِيس
stem:لِيس
stem:لِيس

#WORD: لدي
stem:لَدَى
stem:لَدَي
stem:لِدّ
stem:لُدّ
stem:لِد
stem:لِد
stem:لِد
stem:لِد
stem:لِد

#WORD: جواب
stem:جَواب
stem:جَواب
stem:جَواب
stem:جَواب
stem:جَواب
stem:جَواب
stem:جَواب
stem:جَواب
stem:جَواب
stem:جَواب
stem:جَواب
stem:جَواب
stem:جَواب
stem:جَواب
stem:جَواب

#WORD: السؤال
stem:سُؤال
stem:سُؤال
stem:سُؤال
stem:سُؤال

#WORD: 54:


#WORD: ما
stem:ما
stem:ما
stem:ما
stem:ما
stem:ما
stem:ما
stem:ما
stem:ما

#WORD: هو
stem:هُوَ
stem:هُو

#WORD: الاقتباس
stem:ٱِقْتِباس
stem:ٱِقْتِباس
stem:ٱِقْتِباس
stem:ٱِقْتِباس

#WORD: المفضل
stem:مِفْضَل
stem:مِفْضَل
stem:مِفْضَل
stem:مِفْضَل
stem:مُفَضَّل
stem:مُفَضَّل
stem:مُفَضَّل
stem:مُفَضَّل

#WORD: لديك؟
stem:لديك؟
stem:ديك؟
stem:ديك؟
stem:ديك؟

#WORD: ليس
stem:لَيْس
stem:لَيْسَ
stem:لَيِس
stem:لِيس
stem:لِيس
stem:لِيس
stem:لِيس
stem:لِيس
stem:لِيس
stem:لِيس
stem:لِيس
stem:لِيس
stem:لِيس
stem:لِيس
stem:لِيس

#WORD: لدي
stem:لَدَى
stem:لَدَي
stem:لِدّ
stem:لُدّ
stem:لِد
stem:لِد
stem:لِد
stem:لِد
stem:لِد

#WORD: جواب
stem:جَواب
stem:جَواب
stem:جَواب
stem:جَواب
stem:جَواب
stem:جَواب
stem:جَواب
stem:جَواب
stem:جَواب
stem:جَواب
stem:جَواب
stem:جَواب
stem:جَواب
stem:جَواب
stem:جَواب

#WORD: السؤال
stem:سُؤال
stem:سُؤال
stem:سُؤال
stem:سُؤال

#WORD: 55:


#WORD: ما
stem:ما
stem:ما
stem:ما
stem:ما
stem:ما
stem:ما
stem:ما
stem:ما

#WORD: هي
stem:هِيَ

#WORD: سيارة
stem:سَيّار
stem:سَيّار
stem:سَيّار
stem:سَيّار
stem:سَيّار
stem:سَيّار
stem:سَيّار
stem:سَيّار
stem:سَيّار
stem:سَيّار
stem:سَيّار
stem:سَيّار
stem:سَيّار
stem:سَيّار
stem:سَيّار
stem:سَيّار
stem:سَيّار

#WORD: أحلامك؟
stem:احلامك؟

#WORD: ليس
stem:لَيْس
stem:لَيْسَ
stem:لَيِس
stem:لِيس
stem:لِيس
stem:لِيس
stem:لِيس
stem:لِيس
stem:لِيس
stem:لِيس
stem:لِيس
stem:لِيس
stem:لِيس
stem:لِيس
stem:لِيس

#WORD: لدي
stem:لَدَى
stem:لَدَي
stem:لِدّ
stem:لُدّ
stem:لِد
stem:لِد
stem:لِد
stem:لِد
stem:لِد

#WORD: جواب
stem:جَواب
stem:جَواب
stem:جَواب
stem:جَواب
stem:جَواب
stem:جَواب
stem:جَواب
stem:جَواب
stem:جَواب
stem:جَواب
stem:جَواب
stem:جَواب
stem:جَواب
stem:جَواب
stem:جَواب

#WORD: السؤال
stem:سُؤال
stem:سُؤال
stem:سُؤال
stem:سُؤال

#WORD: 56:


#WORD: ما
stem:ما
stem:ما
stem:ما
stem:ما
stem:ما
stem:ما
stem:ما
stem:ما

#WORD: هي
stem:هِيَ

#WORD: أكبر
stem:أَكْبَر
stem:أَكْبَر
stem:أَكْبَر
stem:أَكْبَر
stem:أَكْبَر
stem:أَكْبَر
stem:أَكْبَر
stem:أَكْبَر
stem:أَكْبَر
stem:أَكْبَر
stem:أَكْبَر
stem:أَكْبَر
stem:أَكْبَر
stem:أَكْبَر
stem:أَكْبَر
stem:كْبُر
stem:كْبُر
stem:كْبُر
stem:كَبِّر
stem:كَبِّر
stem:كَبِّر
stem:كْبِر
stem:كْبِر
stem:كْبِر
stem:كْبَر
stem:كْبَر
stem:كْبَر

#WORD: مغامرة
stem:مُغامَر
stem:مُغامَر
stem:مُغامَر
stem:مُغامَر
stem:مُغامَر
stem:مُغامَر
stem:مُغامَر
stem:مُغامِر
stem:مُغامِر
stem:مُغامِر
stem:مُغامِر
stem:مُغامِر
stem:مُغامِر
stem:مُغامِر
stem:مُغامِر
stem:مُغامِر
stem:مُغامِر

#WORD: قمت
stem:قَمّ
stem:قُم
stem:قُم
stem:قُم
stem:قُم
stem:قُم
stem:قُم

#WORD: بها
stem:بِها

#WORD: في
stem:فِي
stem:فِي
stem:فِي
stem:ي
stem:ي
stem:ي
stem:ي

#WORD: حياتك؟
stem:حياتك؟

#WORD: ليس
stem:لَيْس
stem:لَيْسَ
stem:لَيِس
stem:لِيس
stem:لِيس
stem:لِيس
stem:لِيس
stem:لِيس
stem:لِيس
stem:لِيس
stem:لِيس
stem:لِيس
stem:لِيس
stem:لِيس
stem:لِيس

#WORD: لدي
stem:لَدَى
stem:لَدَي
stem:لِدّ
stem:لُدّ
stem:لِد
stem:لِد
stem:لِد
stem:لِد
stem:لِد

#WORD: جواب
stem:جَواب
stem:جَواب
stem:جَواب
stem:جَواب
stem:جَواب
stem:جَواب
stem:جَواب
stem:جَواب
stem:جَواب
stem:جَواب
stem:جَواب
stem:جَواب
stem:جَواب
stem:جَواب
stem:جَواب

#WORD: السؤال
stem:سُؤال
stem:سُؤال
stem:سُؤال
stem:سُؤال

#WORD: 57:


#WORD: هل
stem:هَلْ
stem:هَلّ

#WORD: تستمتع
stem:سْتَمْتِع
stem:سْتَمْتِع
stem:سْتَمْتِع
stem:سْتَمْتِع
stem:سْتَمْتِع
stem:سْتَمْتِع

#WORD: بالفن؟
stem:بالفن؟
stem:الفن؟
stem:الفن؟
stem:فن؟
stem:فن؟

#WORD: ليس
stem:لَيْس
stem:لَيْسَ
stem:لَيِس
stem:لِيس
stem:لِيس
stem:لِيس
stem:لِيس
stem:لِيس
stem:لِيس
stem:لِيس
stem:لِيس
stem:لِيس
stem:لِيس
stem:لِيس
stem:لِيس

#WORD: لدي
stem:لَدَى
stem:لَدَي
stem:لِدّ
stem:لُدّ
stem:لِد
stem:لِد
stem:لِد
stem:لِد
stem:لِد

#WORD: جواب
stem:جَواب
stem:جَواب
stem:جَواب
stem:جَواب
stem:جَواب
stem:جَواب
stem:جَواب
stem:جَواب
stem:جَواب
stem:جَواب
stem:جَواب
stem:جَواب
stem:جَواب
stem:جَواب
stem:جَواب

#WORD: السؤال
stem:سُؤال
stem:سُؤال
stem:سُؤال
stem:سُؤال

#WORD: 58:


#WORD: أين
stem:أَيْنَ
stem:أَيَّن
stem:أَيَّن
stem:أَيْنَ

#WORD: تريد
stem:رِيد
stem:رِيد
stem:رِيد
stem:رِيد

#WORD: أن
stem:أَنْ
stem:أَنَّ
stem:إِنْ
stem:إِنَّ
stem:أَنّ
stem:آن
stem:آن
stem:آن
stem:آن
stem:آن
stem:آن
stem:آن
stem:إِن
stem:نِ

#WORD: تعيش؟
stem:تعيش؟
stem:عيش؟

#WORD: ليس
stem:لَيْس
stem:لَيْسَ
stem:لَيِس
stem:لِيس
stem:لِيس
stem:لِيس
stem:لِيس
stem:لِيس
stem:لِيس
stem:لِيس
stem:لِيس
stem:لِيس
stem:لِيس
stem:لِيس
stem:لِيس

#WORD: لدي
stem:لَدَى
stem:لَدَي
stem:لِدّ
stem:لُدّ
stem:لِد
stem:لِد
stem:لِد
stem:لِد
stem:لِد

#WORD: جواب
stem:جَواب
stem:جَواب
stem:جَواب
stem:جَواب
stem:جَواب
stem:جَواب
stem:جَواب
stem:جَواب
stem:جَواب
stem:جَواب
stem:جَواب
stem:جَواب
stem:جَواب
stem:جَواب
stem:جَواب

#WORD: السؤال
stem:سُؤال
stem:سُؤال
stem:سُؤال
stem:سُؤال

#WORD: 59:


#WORD: كيف
stem:كَيْفَ
stem:كَيْفَ
stem:كَيْف
stem:كَيْف
stem:كَيْف
stem:كَيْف
stem:كَيْف
stem:كَيْف

#WORD: تتخلص
stem:تَخَلَّص
stem:تَخَلَّص
stem:تَخَلَّص
stem:تَخَلَّص
stem:تَخَلَّص
stem:تَخَلَّص
stem:تَخَلَّص
stem:تَخَلُّص
stem:تَخَلُّص
stem:تَخَلُّص
stem:تَخَلُّص
stem:تَخَلُّص
stem:تَخَلُّص

#WORD: من
stem:مِن
stem:مِن
stem:مَنْ
stem:مَنْ
stem:مَنّ
stem:مَنّ
stem:مَنّ
stem:مَنّ
stem:مَنّ
stem:مَنّ
stem:مَنّ

#WORD: التوتر؟
stem:التوتر؟
stem:توتر؟

#WORD: ليس
stem:لَيْس
stem:لَيْسَ
stem:لَيِس
stem:لِيس
stem:لِيس
stem:لِيس
stem:لِيس
stem:لِيس
stem:لِيس
stem:لِيس
stem:لِيس
stem:لِيس
stem:لِيس
stem:لِيس
stem:لِيس

#WORD: لدي
stem:لَدَى
stem:لَدَي
stem:لِدّ
stem:لُدّ
stem:لِد
stem:لِد
stem:لِد
stem:لِد
stem:لِد

#WORD: جواب
stem:جَواب
stem:جَواب
stem:جَواب
stem:جَواب
stem:جَواب
stem:جَواب
stem:جَواب
stem:جَواب
stem:جَواب
stem:جَواب
stem:جَواب
stem:جَواب
stem:جَواب
stem:جَواب
stem:جَواب

#WORD: السؤال
stem:سُؤال
stem:سُؤال
stem:سُؤال
stem:سُؤال

#WORD: 60:


#WORD: ما
stem:ما
stem:ما
stem:ما
stem:ما
stem:ما
stem:ما
stem:ما
stem:ما

#WORD: هو
stem:هُوَ
stem:هُو

#WORD: أكثر
stem:أَكْثَر
stem:أَكْثَر
stem:أَكْثَر
stem:أَكْثَر
stem:أَكْثَر
stem:أَكْثَر
stem:أَكْثَر
stem:أَكْثَر
stem:أَكْثَر
stem:أَكْثَر
stem:أَكْثَر
stem:أَكْثَر
stem:أَكْثَر
stem:أَكْثَر
stem:أَكْثَر
stem:كْثُر
stem:كْثُر
stem:كْثُر
stem:كَثِّر
stem:كَثِّر
stem:كَثِّر
stem:كْثِر
stem:كْثِر
stem:كْثِر
stem:كْثَر
stem:كْثَر
stem:كْثَر

#WORD: كتاب
stem:كِتاب
stem:كِتاب
stem:كِتاب
stem:كِتاب
stem:كِتاب
stem:كِتاب
stem:كُتّاب
stem:كُتّاب
stem:كُتّاب
stem:كُتّاب
stem:كُتّاب
stem:كُتّاب
stem:كُتّاب
stem:كُتّاب
stem:كُتّاب
stem:كُتّاب
stem:كُتّاب
stem:كُتّاب

#WORD: أثر
stem:أَثَر
stem:أَثَّر
stem:آثَر
stem:أَثْر
stem:أَثْر
stem:أَثْر
stem:أَثْر
stem:أَثْر
stem:أَثْر
stem:أَثَر
stem:أَثَر
stem:أَثَر
stem:أَثَر
stem:أَثَر
stem:أَثَر
stem:أَثِر
stem:أَثِر
stem:أَثِر
stem:أَثِر
stem:أَثِر
stem:أَثِر
stem:إِثْر
stem:إِثْر
stem:إِثْر
stem:إِثْر
stem:إِثْر
stem:إِثْر
stem:ثُرّ
stem:ثُرّ
stem:ثُرّ
stem:ثِرّ
stem:ثِرّ
stem:ثِرّ
stem:ثْرَ
stem:ثْرِ
stem:ثْرَ
stem:ثُر
stem:ثِر
stem:ثَر
stem:ثِر
stem:ثِر
stem:ثِر

#WORD: فيك؟
stem:فيك؟
stem:يك؟
stem:يك؟
stem:يك؟
stem:يك؟
stem:ك؟

#WORD: ليس
stem:لَيْس
stem:لَيْسَ
stem:لَيِس
stem:لِيس
stem:لِيس
stem:لِيس
stem:لِيس
stem:لِيس
stem:لِيس
stem:لِيس
stem:لِيس
stem:لِيس
stem:لِيس
stem:لِيس
stem:لِيس

#WORD: لدي
stem:لَدَى
stem:لَدَي
stem:لِدّ
stem:لُدّ
stem:لِد
stem:لِد
stem:لِد
stem:لِد
stem:لِد

#WORD: جواب
stem:جَواب
stem:جَواب
stem:جَواب
stem:جَواب
stem:جَواب
stem:جَواب
stem:جَواب
stem:جَواب
stem:جَواب
stem:جَواب
stem:جَواب
stem:جَواب
stem:جَواب
stem:جَواب
stem:جَواب

